[INFO] Scanning for projects...
[INFO] ------------------------------------------------------------------------
[INFO] Reactor Build Order:
[INFO] 
[INFO] oVirt Findbugs Filters
[INFO] ovirt-root
[INFO] oVirt Build Tools root
[INFO] oVirt checkstyle
[INFO] oVirt Checkstyle Checks
[INFO] oVirt Modules - backend
[INFO] oVirt Manager
[INFO] oVirt Engine dependencies
[INFO] oVirt Engine common dependencies
[INFO] oVirt Engine tools dependencies
[INFO] Utilities to extend java.logging framework
[INFO] Extensions API root
[INFO] ovirt-engine-extensions-api
[INFO] oVirt Modules - manager
[INFO] Universal utilities
[INFO] Extensions manager
[INFO] GWT UI Compatibility
[INFO] Common Code
[INFO] Common utilities
[INFO] Branding package
[INFO] ovirt-engine sso
[INFO] Data Access Layer
[INFO] engine scheduler bean
[INFO] Vds broker
[INFO] builtin-extensions
[INFO] Search Backend
[INFO] Backend Authentication, Authorization and Accounting
[INFO] Custom Application Server Authentication Plugin
[INFO] Backend Logic @Service bean
[INFO] oVirt RESTful API Backend Integration
[INFO] oVirt RESTful API interface
[INFO] oVirt Engine API Definition
[INFO] oVirt Engine API Commom Parent POM
[INFO] oVirt Engine API Common JAX-RS
[INFO] oVirt RESTful API Backend Integration Type Mappers
[INFO] oVirt RESTful API Backend Integration JAX-RS Resources
[INFO] oVirt RESTful API Backend Integration Webapp
[INFO] oVirt RESTful API Documentation
[INFO] Custom Logger Using Extensions
[INFO] oVirt Engine Web Root
[INFO] ovirt-engine services
[INFO] oVirt Engine Web Docs
[INFO] ovirt-engine welcome
[INFO] oVirt Engine Microbenchmarks
[INFO] oVirt Engine Tools
[INFO] oVirt Engine extensions tool
[INFO] oVirt Engine sso client registration tool
[INFO] oVirt Modules :: Frontend
[INFO] oVirt Modules :: Webadmin
[INFO] oVirt UI Modules
[INFO] AOP tweaks for GWT compiler
[INFO] Extensions for GWT
[INFO] UI Utils Compatibility (for UICommon)
[INFO] Frontend for GWT UI Projects
[INFO] UICommonWeb
[INFO] oVirt GWT UI common infrastructure
[INFO] Frontend Assembly Descriptors
[INFO] WebAdmin
[INFO] UserPortal
[INFO] oVirt Server EAR
[INFO] ovirt-engine maven make
[INFO]                                                                         
[INFO] ------------------------------------------------------------------------
[INFO] Building oVirt Findbugs Filters 4.2.0-SNAPSHOT
[INFO] ------------------------------------------------------------------------
[INFO] 
[INFO] --- maven-resources-plugin:2.6:resources (default-resources) @ ovirt-findbugs-filters ---
[WARNING] Using platform encoding (UTF-8 actually) to copy filtered resources, i.e. build is platform dependent!
[INFO] Copying 1 resource
[INFO] 
[INFO] --- maven-compiler-plugin:3.1:compile (default-compile) @ ovirt-findbugs-filters ---
[INFO] No sources to compile
[INFO] 
[INFO] --- maven-resources-plugin:2.6:testResources (default-testResources) @ ovirt-findbugs-filters ---
[WARNING] Using platform encoding (UTF-8 actually) to copy filtered resources, i.e. build is platform dependent!
[INFO] skip non existing resourceDirectory /root/workspace/oVirt/ovirt-engine/247923342/build-tools-root/ovirt-findbugs-filters/src/test/resources
[INFO] 
[INFO] --- maven-compiler-plugin:3.1:testCompile (default-testCompile) @ ovirt-findbugs-filters ---
[INFO] No sources to compile
[INFO] 
[INFO] --- maven-surefire-plugin:2.12.4:test (default-test) @ ovirt-findbugs-filters ---
[INFO] No tests to run.
[INFO]                                                                         
[INFO] ------------------------------------------------------------------------
[INFO] Building ovirt-root 4.2.0-SNAPSHOT
[INFO] ------------------------------------------------------------------------
[INFO]                                                                         
[INFO] ------------------------------------------------------------------------
[INFO] Building oVirt Build Tools root 4.2.0-SNAPSHOT
[INFO] ------------------------------------------------------------------------
[INFO]                                                                         
[INFO] ------------------------------------------------------------------------
[INFO] Building oVirt checkstyle 4.2.0-SNAPSHOT
[INFO] ------------------------------------------------------------------------
[INFO] 
[INFO] --- maven-resources-plugin:2.4.3:resources (default-resources) @ checkstyles ---
[INFO] Using 'UTF-8' encoding to copy filtered resources.
[INFO] skip non existing resourceDirectory /root/workspace/oVirt/ovirt-engine/247923342/build-tools-root/checkstyles/src/main/java
[INFO] Copying 2 resources
[INFO] 
[INFO] --- maven-compiler-plugin:2.3.2:compile (default-compile) @ checkstyles ---
[INFO] No sources to compile
[INFO] 
[INFO] --- maven-resources-plugin:2.4.3:testResources (default-testResources) @ checkstyles ---
[INFO] Using 'UTF-8' encoding to copy filtered resources.
[INFO] skip non existing resourceDirectory /root/workspace/oVirt/ovirt-engine/247923342/build-tools-root/checkstyles/src/test/resources
[INFO] 
[INFO] --- maven-compiler-plugin:2.3.2:testCompile (default-testCompile) @ checkstyles ---
[INFO] No sources to compile
[INFO] 
[INFO] --- maven-surefire-plugin:2.12.3:test (default-test) @ checkstyles ---
[INFO] No tests to run.
[INFO]                                                                         
[INFO] ------------------------------------------------------------------------
[INFO] Building oVirt Checkstyle Checks 4.2.0-SNAPSHOT
[INFO] ------------------------------------------------------------------------
[INFO] 
[INFO] --- maven-resources-plugin:2.4.3:resources (default-resources) @ ovirt-checkstyle-extension ---
[INFO] Using 'UTF-8' encoding to copy filtered resources.
[INFO] Copying 1 resource
[INFO] skip non existing resourceDirectory /root/workspace/oVirt/ovirt-engine/247923342/build-tools-root/ovirt-checkstyle-extension/src/main/resources
[INFO] 
[INFO] --- maven-compiler-plugin:2.3.2:compile (default-compile) @ ovirt-checkstyle-extension ---
[INFO] Nothing to compile - all classes are up to date
[INFO] 
[INFO] --- maven-resources-plugin:2.4.3:testResources (default-testResources) @ ovirt-checkstyle-extension ---
[INFO] Using 'UTF-8' encoding to copy filtered resources.
[INFO] skip non existing resourceDirectory /root/workspace/oVirt/ovirt-engine/247923342/build-tools-root/ovirt-checkstyle-extension/src/test/resources
[INFO] 
[INFO] --- maven-compiler-plugin:2.3.2:testCompile (default-testCompile) @ ovirt-checkstyle-extension ---
[INFO] No sources to compile
[INFO] 
[INFO] --- maven-surefire-plugin:2.12.3:test (default-test) @ ovirt-checkstyle-extension ---
[INFO] No tests to run.
[INFO]                                                                         
[INFO] ------------------------------------------------------------------------
[INFO] Building oVirt Modules - backend 4.2.0-SNAPSHOT
[INFO] ------------------------------------------------------------------------
[INFO]                                                                         
[INFO] ------------------------------------------------------------------------
[INFO] Building oVirt Manager 4.2.0-SNAPSHOT
[INFO] ------------------------------------------------------------------------
[INFO]                                                                         
[INFO] ------------------------------------------------------------------------
[INFO] Building oVirt Engine dependencies 4.2.0-SNAPSHOT
[INFO] ------------------------------------------------------------------------
[INFO]                                                                         
[INFO] ------------------------------------------------------------------------
[INFO] Building oVirt Engine common dependencies 4.2.0-SNAPSHOT
[INFO] ------------------------------------------------------------------------
[INFO] 
[INFO] --- maven-resources-plugin:2.4.3:resources (default-resources) @ common-dependencies ---
[INFO] Using 'UTF-8' encoding to copy filtered resources.
[INFO] skip non existing resourceDirectory /root/workspace/oVirt/ovirt-engine/247923342/backend/manager/dependencies/common/src/main/java
[INFO] skip non existing resourceDirectory /root/workspace/oVirt/ovirt-engine/247923342/backend/manager/dependencies/common/src/main/resources
[INFO] 
[INFO] --- maven-compiler-plugin:2.3.2:compile (default-compile) @ common-dependencies ---
[INFO] No sources to compile
[INFO] 
[INFO] --- maven-resources-plugin:2.4.3:testResources (default-testResources) @ common-dependencies ---
[INFO] Using 'UTF-8' encoding to copy filtered resources.
[INFO] skip non existing resourceDirectory /root/workspace/oVirt/ovirt-engine/247923342/backend/manager/dependencies/common/src/test/resources
[INFO] 
[INFO] --- maven-compiler-plugin:2.3.2:testCompile (default-testCompile) @ common-dependencies ---
[INFO] No sources to compile
[INFO] 
[INFO] --- maven-surefire-plugin:2.12.3:test (default-test) @ common-dependencies ---
[INFO] No tests to run.
[INFO]                                                                         
[INFO] ------------------------------------------------------------------------
[INFO] Building oVirt Engine tools dependencies 4.2.0-SNAPSHOT
[INFO] ------------------------------------------------------------------------
[INFO] 
[INFO] --- maven-resources-plugin:2.4.3:resources (default-resources) @ tools-dependencies ---
[INFO] Using 'UTF-8' encoding to copy filtered resources.
[INFO] skip non existing resourceDirectory /root/workspace/oVirt/ovirt-engine/247923342/backend/manager/dependencies/tools/src/main/java
[INFO] skip non existing resourceDirectory /root/workspace/oVirt/ovirt-engine/247923342/backend/manager/dependencies/tools/src/main/resources
[INFO] 
[INFO] --- maven-compiler-plugin:2.3.2:compile (default-compile) @ tools-dependencies ---
[INFO] No sources to compile
[INFO] 
[INFO] --- maven-resources-plugin:2.4.3:testResources (default-testResources) @ tools-dependencies ---
[INFO] Using 'UTF-8' encoding to copy filtered resources.
[INFO] skip non existing resourceDirectory /root/workspace/oVirt/ovirt-engine/247923342/backend/manager/dependencies/tools/src/test/resources
[INFO] 
[INFO] --- maven-compiler-plugin:2.3.2:testCompile (default-testCompile) @ tools-dependencies ---
[INFO] No sources to compile
[INFO] 
[INFO] --- maven-surefire-plugin:2.12.3:test (default-test) @ tools-dependencies ---
[INFO] No tests to run.
[INFO]                                                                         
[INFO] ------------------------------------------------------------------------
[INFO] Building Utilities to extend java.logging framework 4.2.0-SNAPSHOT
[INFO] ------------------------------------------------------------------------
[INFO] 
[INFO] --- maven-resources-plugin:2.4.3:resources (default-resources) @ logutils ---
[INFO] Using 'UTF-8' encoding to copy filtered resources.
[INFO] Copying 0 resource
[INFO] skip non existing resourceDirectory /root/workspace/oVirt/ovirt-engine/247923342/backend/manager/logutils/src/main/resources
[INFO] 
[INFO] --- maven-compiler-plugin:2.3.2:compile (default-compile) @ logutils ---
[INFO] Nothing to compile - all classes are up to date
[INFO] 
[INFO] --- maven-resources-plugin:2.4.3:testResources (default-testResources) @ logutils ---
[INFO] Using 'UTF-8' encoding to copy filtered resources.
[INFO] skip non existing resourceDirectory /root/workspace/oVirt/ovirt-engine/247923342/backend/manager/logutils/src/test/resources
[INFO] 
[INFO] --- maven-compiler-plugin:2.3.2:testCompile (default-testCompile) @ logutils ---
[INFO] No sources to compile
[INFO] 
[INFO] --- maven-surefire-plugin:2.12.3:test (default-test) @ logutils ---
[INFO] No tests to run.
[INFO]                                                                         
[INFO] ------------------------------------------------------------------------
[INFO] Building Extensions API root 0.0.0-SNAPSHOT
[INFO] ------------------------------------------------------------------------
[INFO] 
[INFO] --- maven-enforcer-plugin:1.0:enforce (enforce-maven) @ ovirt-engine-extensions-api-root ---
[INFO] Skipping Rule Enforcement.
[INFO]                                                                         
[INFO] ------------------------------------------------------------------------
[INFO] Building ovirt-engine-extensions-api 0.0.0-SNAPSHOT
[INFO] ------------------------------------------------------------------------
[INFO] 
[INFO] --- maven-enforcer-plugin:1.0:enforce (enforce-maven) @ ovirt-engine-extensions-api ---
[INFO] Skipping Rule Enforcement.
[INFO] 
[INFO] --- maven-resources-plugin:2.6:resources (default-resources) @ ovirt-engine-extensions-api ---
[INFO] Using 'UTF-8' encoding to copy filtered resources.
[INFO] skip non existing resourceDirectory /root/workspace/oVirt/ovirt-engine/247923342/backend/manager/modules/extensions-api-root/extensions-api/src/main/resources
[INFO] 
[INFO] --- maven-compiler-plugin:2.3.2:compile (default-compile) @ ovirt-engine-extensions-api ---
[INFO] Compiling 3 source files to /root/workspace/oVirt/ovirt-engine/247923342/backend/manager/modules/extensions-api-root/extensions-api/target/classes
[INFO] 
[INFO] --- maven-checkstyle-plugin:2.17:check (checkstyle) @ ovirt-engine-extensions-api ---
[INFO] 
[INFO] --- maven-resources-plugin:2.6:testResources (default-testResources) @ ovirt-engine-extensions-api ---
[INFO] Using 'UTF-8' encoding to copy filtered resources.
[INFO] skip non existing resourceDirectory /root/workspace/oVirt/ovirt-engine/247923342/backend/manager/modules/extensions-api-root/extensions-api/src/test/resources
[INFO] 
[INFO] --- maven-compiler-plugin:2.3.2:testCompile (default-testCompile) @ ovirt-engine-extensions-api ---
[INFO] No sources to compile
[INFO] 
[INFO] --- maven-surefire-plugin:2.12.4:test (default-test) @ ovirt-engine-extensions-api ---
[INFO] No tests to run.
[INFO]                                                                         
[INFO] ------------------------------------------------------------------------
[INFO] Building oVirt Modules - manager 4.2.0-SNAPSHOT
[INFO] ------------------------------------------------------------------------
[INFO] 
[INFO] --- maven-checkstyle-plugin:2.17:check (checkstyle) @ manager-modules ---
[INFO]                                                                         
[INFO] ------------------------------------------------------------------------
[INFO] Building Universal utilities 4.2.0-SNAPSHOT
[INFO] ------------------------------------------------------------------------
[INFO] 
[INFO] --- maven-resources-plugin:2.4.3:resources (default-resources) @ uutils ---
[INFO] Using 'UTF-8' encoding to copy filtered resources.
[INFO] Copying 0 resource
[INFO] Copying 1 resource
[INFO] 
[INFO] --- maven-compiler-plugin:2.3.2:compile (default-compile) @ uutils ---
[INFO] Nothing to compile - all classes are up to date
[INFO] 
[INFO] --- maven-checkstyle-plugin:2.17:check (checkstyle) @ uutils ---
[INFO] 
[INFO] --- maven-resources-plugin:2.4.3:testResources (default-testResources) @ uutils ---
[INFO] Using 'UTF-8' encoding to copy filtered resources.
[INFO] Copying 8 resources
[INFO] 
[INFO] --- maven-compiler-plugin:2.3.2:testCompile (default-testCompile) @ uutils ---
[INFO] Nothing to compile - all classes are up to date
[INFO] 
[INFO] --- maven-surefire-plugin:2.12.3:test (default-test) @ uutils ---
[INFO] Surefire report directory: /root/workspace/oVirt/ovirt-engine/247923342/backend/manager/modules/uutils/target/surefire-reports
[INFO] Downloading: http://repo1.maven.org/maven2/org/apache/maven/surefire/surefire-junit4/2.12.3/surefire-junit4-2.12.3.pom
[INFO] Downloaded: http://repo1.maven.org/maven2/org/apache/maven/surefire/surefire-junit4/2.12.3/surefire-junit4-2.12.3.pom (3 KB at 13.4 KB/sec)
[INFO] Downloading: http://repo1.maven.org/maven2/org/apache/maven/surefire/surefire-providers/2.12.3/surefire-providers-2.12.3.pom
[INFO] Downloaded: http://repo1.maven.org/maven2/org/apache/maven/surefire/surefire-providers/2.12.3/surefire-providers-2.12.3.pom (3 KB at 63.7 KB/sec)
[INFO] Downloading: http://repo1.maven.org/maven2/org/apache/maven/surefire/surefire-junit4/2.12.3/surefire-junit4-2.12.3.jar
[INFO] Downloaded: http://repo1.maven.org/maven2/org/apache/maven/surefire/surefire-junit4/2.12.3/surefire-junit4-2.12.3.jar (36 KB at 733.2 KB/sec)

-------------------------------------------------------
 T E S T S
-------------------------------------------------------
Running org.ovirt.engine.core.uutils.crypto.ticket.TicketTest
Tests run: 9, Failures: 0, Errors: 0, Skipped: 0, Time elapsed: 3.304 sec
Running org.ovirt.engine.core.uutils.crypto.EnvelopePBETest
Tests run: 3, Failures: 0, Errors: 0, Skipped: 0, Time elapsed: 6.428 sec
Running org.ovirt.engine.core.uutils.crypto.EnvelopeEncryptDecryptTest
Tests run: 3, Failures: 0, Errors: 0, Skipped: 0, Time elapsed: 0.103 sec
Running org.ovirt.engine.core.uutils.config.ShellLikeConfdTest
Tests run: 2, Failures: 0, Errors: 0, Skipped: 0, Time elapsed: 0.033 sec
Running org.ovirt.engine.core.uutils.net.URLBuilderTest
Tests run: 1, Failures: 0, Errors: 0, Skipped: 0, Time elapsed: 0 sec

Results :

Tests run: 18, Failures: 0, Errors: 0, Skipped: 0

[INFO]                                                                         
[INFO] ------------------------------------------------------------------------
[INFO] Building Extensions manager 4.2.0-SNAPSHOT
[INFO] ------------------------------------------------------------------------
[INFO] 
[INFO] --- maven-resources-plugin:2.4.3:resources (default-resources) @ extensions-manager ---
[INFO] Using 'UTF-8' encoding to copy filtered resources.
[INFO] Copying 0 resource
[INFO] skip non existing resourceDirectory /root/workspace/oVirt/ovirt-engine/247923342/backend/manager/modules/extensions-manager/src/main/resources
[INFO] 
[INFO] --- maven-compiler-plugin:2.3.2:compile (default-compile) @ extensions-manager ---
[INFO] Nothing to compile - all classes are up to date
[INFO] 
[INFO] --- maven-checkstyle-plugin:2.17:check (checkstyle) @ extensions-manager ---
[INFO] 
[INFO] --- maven-resources-plugin:2.4.3:testResources (default-testResources) @ extensions-manager ---
[INFO] Using 'UTF-8' encoding to copy filtered resources.
[INFO] skip non existing resourceDirectory /root/workspace/oVirt/ovirt-engine/247923342/backend/manager/modules/extensions-manager/src/test/resources
[INFO] 
[INFO] --- maven-compiler-plugin:2.3.2:testCompile (default-testCompile) @ extensions-manager ---
[INFO] Nothing to compile - all classes are up to date
[INFO] 
[INFO] --- maven-surefire-plugin:2.12.3:test (default-test) @ extensions-manager ---
[INFO] Surefire report directory: /root/workspace/oVirt/ovirt-engine/247923342/backend/manager/modules/extensions-manager/target/surefire-reports

-------------------------------------------------------
 T E S T S
-------------------------------------------------------
Running org.ovirt.engine.core.extensions.mgr.ConfigurationTest
Tests run: 22, Failures: 0, Errors: 0, Skipped: 0, Time elapsed: 0.344 sec

Results :

Tests run: 22, Failures: 0, Errors: 0, Skipped: 0

[INFO]                                                                         
[INFO] ------------------------------------------------------------------------
[INFO] Building GWT UI Compatibility 4.2.0-SNAPSHOT
[INFO] ------------------------------------------------------------------------
[INFO] 
[INFO] --- maven-resources-plugin:2.4.3:resources (default-resources) @ compat ---
[INFO] Using 'UTF-8' encoding to copy filtered resources.
[INFO] Copying 0 resource
[INFO] skip non existing resourceDirectory /root/workspace/oVirt/ovirt-engine/247923342/backend/manager/modules/compat/src/main/resources
[INFO] 
[INFO] --- maven-compiler-plugin:2.3.2:compile (default-compile) @ compat ---
[INFO] Nothing to compile - all classes are up to date
[INFO] 
[INFO] --- maven-checkstyle-plugin:2.17:check (checkstyle) @ compat ---
[INFO] 
[INFO] --- maven-resources-plugin:2.4.3:testResources (default-testResources) @ compat ---
[INFO] Using 'UTF-8' encoding to copy filtered resources.
[INFO] skip non existing resourceDirectory /root/workspace/oVirt/ovirt-engine/247923342/backend/manager/modules/compat/src/test/resources
[INFO] 
[INFO] --- maven-compiler-plugin:2.3.2:testCompile (default-testCompile) @ compat ---
[INFO] Nothing to compile - all classes are up to date
[INFO] 
[INFO] --- maven-surefire-plugin:2.12.3:test (default-test) @ compat ---
[INFO] Surefire report directory: /root/workspace/oVirt/ovirt-engine/247923342/backend/manager/modules/compat/target/surefire-reports

-------------------------------------------------------
 T E S T S
-------------------------------------------------------
Running org.ovirt.engine.core.compat.RpmVersionTest
Tests run: 5, Failures: 0, Errors: 0, Skipped: 0, Time elapsed: 0.169 sec
Running org.ovirt.engine.core.compat.PropertyInfoTest
Tests run: 1, Failures: 0, Errors: 0, Skipped: 0, Time elapsed: 0.026 sec
Running org.ovirt.engine.core.compat.RegexTest
Tests run: 5, Failures: 0, Errors: 0, Skipped: 0, Time elapsed: 0.009 sec
Running org.ovirt.engine.core.compat.StringHelperTest
Tests run: 1, Failures: 0, Errors: 0, Skipped: 0, Time elapsed: 0.002 sec
Running org.ovirt.engine.core.compat.TimeSpanTest
Tests run: 5, Failures: 0, Errors: 0, Skipped: 0, Time elapsed: 0.014 sec
Running org.ovirt.engine.core.compat.GuidTest
Tests run: 4, Failures: 0, Errors: 0, Skipped: 0, Time elapsed: 0.054 sec
Running org.ovirt.engine.core.compat.VersionTest
Tests run: 7, Failures: 0, Errors: 0, Skipped: 0, Time elapsed: 0.006 sec
Running org.ovirt.engine.core.compat.IntegerCompatTest
Tests run: 1, Failures: 0, Errors: 0, Skipped: 0, Time elapsed: 0 sec

Results :

Tests run: 29, Failures: 0, Errors: 0, Skipped: 0

[INFO]                                                                         
[INFO] ------------------------------------------------------------------------
[INFO] Building Common Code 4.2.0-SNAPSHOT
[INFO] ------------------------------------------------------------------------
[INFO] 
[INFO] --- maven-enforcer-plugin:1.1.1:enforce (enforce-banned-dependencies) @ common ---
[INFO] Skipping Rule Enforcement.
[INFO] 
[INFO] --- maven-resources-plugin:2.4.3:resources (default-resources) @ common ---
[INFO] Using 'UTF-8' encoding to copy filtered resources.
[INFO] Copying 0 resource
[INFO] Copying 1 resource
[INFO] 
[INFO] --- maven-compiler-plugin:2.3.2:compile (default-compile) @ common ---
[INFO] Nothing to compile - all classes are up to date
[INFO] 
[INFO] --- maven-checkstyle-plugin:2.17:check (checkstyle) @ common ---
[INFO] 
[INFO] --- maven-resources-plugin:2.4.3:testResources (default-testResources) @ common ---
[INFO] Using 'UTF-8' encoding to copy filtered resources.
[INFO] skip non existing resourceDirectory /root/workspace/oVirt/ovirt-engine/247923342/backend/manager/modules/common/src/test/resources
[INFO] 
[INFO] --- maven-compiler-plugin:2.3.2:testCompile (default-testCompile) @ common ---
[INFO] Nothing to compile - all classes are up to date
[INFO] 
[INFO] --- maven-surefire-plugin:2.12.3:test (default-test) @ common ---
[INFO] Surefire report directory: /root/workspace/oVirt/ovirt-engine/247923342/backend/manager/modules/common/target/surefire-reports

-------------------------------------------------------
 T E S T S
-------------------------------------------------------
Running org.ovirt.engine.core.common.ActionUtilsTest
Tests run: 7, Failures: 0, Errors: 0, Skipped: 0, Time elapsed: 0.332 sec
Running org.ovirt.engine.core.common.validation.NFSMountPointConstraintTest
Tests run: 1, Failures: 0, Errors: 0, Skipped: 0, Time elapsed: 0.011 sec
Running org.ovirt.engine.core.common.validation.NoRepetitiveStaticIpInListConstraintTest
Tests run: 4, Failures: 0, Errors: 0, Skipped: 0, Time elapsed: 0.198 sec
Running org.ovirt.engine.core.common.validation.MaskValidatorTest
Tests run: 75, Failures: 0, Errors: 0, Skipped: 0, Time elapsed: 0.09 sec
Running org.ovirt.engine.core.common.validation.CidrValidatorTest
Tests run: 104, Failures: 0, Errors: 0, Skipped: 0, Time elapsed: 0.071 sec
Running org.ovirt.engine.core.common.validation.Ipv6ConstraintTest
Tests run: 5, Failures: 0, Errors: 0, Skipped: 0, Time elapsed: 0.265 sec
Running org.ovirt.engine.core.common.validation.Ipv4OrIpv6ConstraintTest
Tests run: 6, Failures: 0, Errors: 0, Skipped: 0, Time elapsed: 0.083 sec
Running org.ovirt.engine.core.common.validation.CidrConstraintTest
Tests run: 3, Failures: 0, Errors: 0, Skipped: 0, Time elapsed: 1.065 sec
Running org.ovirt.engine.core.common.validation.Ipv4ConstraintTest
Tests run: 4, Failures: 0, Errors: 0, Skipped: 0, Time elapsed: 0.032 sec
Running org.ovirt.engine.core.common.validation.MaskConstraintTest
Tests run: 3, Failures: 0, Errors: 0, Skipped: 0, Time elapsed: 0.117 sec
Running org.ovirt.engine.core.common.TimeZoneTypeTest
Tests run: 5, Failures: 0, Errors: 0, Skipped: 0, Time elapsed: 0.074 sec
Running org.ovirt.engine.core.common.queries.VdcQueryTypeTest
Tests run: 2, Failures: 0, Errors: 0, Skipped: 0, Time elapsed: 0.014 sec
Running org.ovirt.engine.core.common.queries.VdcUserQueryParametersBaseTest
Tests run: 2, Failures: 0, Errors: 0, Skipped: 0, Time elapsed: 0.023 sec
Running org.ovirt.engine.core.common.queries.ConfigValuesTest
Tests run: 1, Failures: 0, Errors: 0, Skipped: 0, Time elapsed: 0.014 sec
Running org.ovirt.engine.core.common.queries.VdcQueryParametersBaseTest
Tests run: 1, Failures: 0, Errors: 0, Skipped: 0, Time elapsed: 0 sec
Running org.ovirt.engine.core.common.queries.ConfigurationValuesTest
Tests run: 312, Failures: 0, Errors: 0, Skipped: 0, Time elapsed: 0.137 sec
Running org.ovirt.engine.core.common.utils.I18NRegexpTest
Tests run: 2, Failures: 0, Errors: 0, Skipped: 0, Time elapsed: 0.03 sec
Running org.ovirt.engine.core.common.utils.VmDeviceCommonUtilsTest
Tests run: 1, Failures: 0, Errors: 0, Skipped: 0, Time elapsed: 1.656 sec
Running org.ovirt.engine.core.common.utils.ValidNameValidatorTest
Tests run: 11, Failures: 0, Errors: 0, Skipped: 0, Time elapsed: 0.015 sec
Running org.ovirt.engine.core.common.utils.CidrAnnotationTest
Tests run: 6, Failures: 0, Errors: 0, Skipped: 0, Time elapsed: 0.009 sec
Running org.ovirt.engine.core.common.utils.gluster.GlusterCoreUtilTest
Tests run: 4, Failures: 0, Errors: 0, Skipped: 0, Time elapsed: 0.003 sec
Running org.ovirt.engine.core.common.utils.customprop.CustomPropertiesUtilsTest
Tests run: 4, Failures: 0, Errors: 0, Skipped: 0, Time elapsed: 0.005 sec
Running org.ovirt.engine.core.common.utils.MTUValidatorTest
Tests run: 2, Failures: 0, Errors: 0, Skipped: 0, Time elapsed: 0.004 sec
Running org.ovirt.engine.core.common.utils.pm.PowerManagementUtilsTest
Tests run: 2, Failures: 0, Errors: 0, Skipped: 0, Time elapsed: 0.003 sec
Running org.ovirt.engine.core.common.utils.pm.FenceProxySourceTypeHelperTest
Tests run: 8, Failures: 0, Errors: 0, Skipped: 0, Time elapsed: 0.018 sec
Running org.ovirt.engine.core.common.utils.ValidationUtilsTest
Tests run: 5, Failures: 0, Errors: 0, Skipped: 0, Time elapsed: 0.004 sec
Running org.ovirt.engine.core.common.utils.VmCpuCountHelperTest
Tests run: 13, Failures: 0, Errors: 0, Skipped: 0, Time elapsed: 0.003 sec
Running org.ovirt.engine.core.common.utils.IPv4AddressConverterTest
Tests run: 5, Failures: 0, Errors: 0, Skipped: 0, Time elapsed: 0.007 sec
Running org.ovirt.engine.core.common.utils.ConfiguredRangeValidatorTest
Tests run: 7, Failures: 0, Errors: 0, Skipped: 0, Time elapsed: 0.045 sec
Running org.ovirt.engine.core.common.utils.MaskAnnotationTest
Tests run: 12, Failures: 0, Errors: 0, Skipped: 0, Time elapsed: 0.009 sec
Running org.ovirt.engine.core.common.utils.PairTest
Tests run: 2, Failures: 0, Errors: 0, Skipped: 0, Time elapsed: 0 sec
Running org.ovirt.engine.core.common.utils.IPAddressPatternTest
Tests run: 38, Failures: 0, Errors: 0, Skipped: 0, Time elapsed: 0.021 sec
Running org.ovirt.engine.core.common.utils.ObjectUtilsTest
Tests run: 1, Failures: 0, Errors: 0, Skipped: 0, Time elapsed: 0 sec
Running org.ovirt.engine.core.common.utils.VersionStorageFormatUtilTest
Tests run: 1, Failures: 0, Errors: 0, Skipped: 0, Time elapsed: 0.004 sec
Running org.ovirt.engine.core.common.utils.RpmVersionUtilsTest
Tests run: 5, Failures: 0, Errors: 0, Skipped: 0, Time elapsed: 0.004 sec
Running org.ovirt.engine.core.common.utils.SizeConverterTest
Tests run: 9, Failures: 0, Errors: 0, Skipped: 0, Time elapsed: 0.013 sec
Running org.ovirt.engine.core.common.utils.ToStringBuilderTest
Tests run: 6, Failures: 0, Errors: 0, Skipped: 0, Time elapsed: 0.016 sec
Running org.ovirt.engine.core.common.utils.MacAddressPatternTest
Tests run: 12, Failures: 0, Errors: 0, Skipped: 0, Time elapsed: 0.046 sec
Running org.ovirt.engine.core.common.utils.SubnetUtilsTest
Tests run: 7, Failures: 0, Errors: 0, Skipped: 0, Time elapsed: 0.061 sec
Running org.ovirt.engine.core.common.utils.NetworkLabelFormatValidatorTest
Tests run: 9, Failures: 0, Errors: 0, Skipped: 0, Time elapsed: 0.011 sec
Running org.ovirt.engine.core.common.utils.TimeConverterTest
Tests run: 3, Failures: 0, Errors: 0, Skipped: 0, Time elapsed: 0.015 sec
Running org.ovirt.engine.core.common.businessentities.BootSequenceTest
Tests run: 13, Failures: 0, Errors: 0, Skipped: 0, Time elapsed: 0.003 sec
Running org.ovirt.engine.core.common.businessentities.VmStatisticsTest
Tests run: 10, Failures: 0, Errors: 0, Skipped: 0, Time elapsed: 0.002 sec
Running org.ovirt.engine.core.common.businessentities.gluster.StorageSyncScheduleTest
Tests run: 5, Failures: 0, Errors: 0, Skipped: 0, Time elapsed: 0.013 sec
Running org.ovirt.engine.core.common.businessentities.BusinessEntityMapTest
Tests run: 16, Failures: 0, Errors: 0, Skipped: 0, Time elapsed: 0.007 sec
Running org.ovirt.engine.core.common.businessentities.pm.FenceOperationResultTest
Tests run: 6, Failures: 0, Errors: 0, Skipped: 0, Time elapsed: 0.003 sec
Running org.ovirt.engine.core.common.businessentities.VmDeviceTest
Tests run: 3, Failures: 0, Errors: 0, Skipped: 0, Time elapsed: 0.002 sec
Running org.ovirt.engine.core.common.businessentities.comparators.LexoNumericComparatorTest
Tests run: 60, Failures: 0, Errors: 0, Skipped: 0, Time elapsed: 0.028 sec
Running org.ovirt.engine.core.common.businessentities.storage.DiskVmElementTest
Tests run: 2, Failures: 0, Errors: 0, Skipped: 0, Time elapsed: 0 sec
Running org.ovirt.engine.core.common.businessentities.storage.DiskStorageTypeTest
Tests run: 1, Failures: 0, Errors: 0, Skipped: 0, Time elapsed: 0.194 sec
Running org.ovirt.engine.core.common.businessentities.network.BondModeTest
Tests run: 2, Failures: 0, Errors: 0, Skipped: 0, Time elapsed: 0.004 sec
Running org.ovirt.engine.core.common.businessentities.network.DnsResolverConfigurationTest
Tests run: 1, Failures: 0, Errors: 0, Skipped: 0, Time elapsed: 0 sec
Running org.ovirt.engine.core.common.businessentities.network.VmNetworkInterfaceValidationTest
Tests run: 19, Failures: 0, Errors: 0, Skipped: 0, Time elapsed: 0.036 sec
Running org.ovirt.engine.core.common.businessentities.StorageTypeTest
Tests run: 3, Failures: 0, Errors: 0, Skipped: 0, Time elapsed: 0.001 sec
Running org.ovirt.engine.core.common.businessentities.EntitiesTest
Tests run: 1, Failures: 0, Errors: 0, Skipped: 0, Time elapsed: 0.001 sec
Running org.ovirt.engine.core.common.businessentities.VDSTest
Tests run: 1, Failures: 0, Errors: 0, Skipped: 0, Time elapsed: 0.003 sec
Running org.ovirt.engine.core.common.businessentities.StorageFormatTypeTest
Tests run: 1, Failures: 0, Errors: 0, Skipped: 0, Time elapsed: 0 sec
Running org.ovirt.engine.core.common.AuditLogTypeTest
Tests run: 1, Failures: 0, Errors: 0, Skipped: 0, Time elapsed: 0.132 sec
Running org.ovirt.engine.core.common.console.ConsoleOptionsTest
Tests run: 3, Failures: 0, Errors: 0, Skipped: 0, Time elapsed: 0.004 sec

Results :

Tests run: 858, Failures: 0, Errors: 0, Skipped: 0

[INFO]                                                                         
[INFO] ------------------------------------------------------------------------
[INFO] Building Common utilities 4.2.0-SNAPSHOT
[INFO] ------------------------------------------------------------------------
[INFO] 
[INFO] --- javacc-maven-plugin:2.6:javacc (javacc) @ utils ---
[INFO] Skipping - all parsers are up to date
[INFO] 
[INFO] --- maven-resources-plugin:2.4.3:resources (default-resources) @ utils ---
[INFO] Using 'UTF-8' encoding to copy filtered resources.
[INFO] Copying 0 resource
[INFO] Copying 3 resources
[INFO] 
[INFO] --- maven-compiler-plugin:2.3.2:compile (default-compile) @ utils ---
[INFO] Nothing to compile - all classes are up to date
[INFO] 
[INFO] --- maven-checkstyle-plugin:2.17:check (checkstyle) @ utils ---
[INFO] 
[INFO] --- maven-resources-plugin:2.4.3:testResources (default-testResources) @ utils ---
[INFO] Using 'UTF-8' encoding to copy filtered resources.
[INFO] Copying 15 resources
[INFO] 
[INFO] --- maven-compiler-plugin:2.3.2:testCompile (default-testCompile) @ utils ---
[INFO] Nothing to compile - all classes are up to date
[INFO] 
[INFO] --- maven-surefire-plugin:2.12.3:test (default-test) @ utils ---
[INFO] Surefire report directory: /root/workspace/oVirt/ovirt-engine/247923342/backend/manager/modules/utils/target/surefire-reports

-------------------------------------------------------
 T E S T S
-------------------------------------------------------
Running org.ovirt.engine.core.utils.CertificateSubjectHelperTest
Tests run: 1, Failures: 0, Errors: 0, Skipped: 0, Time elapsed: 1.589 sec
Running org.ovirt.engine.core.utils.NetworkInSyncWithVdsNetworkInterfaceTest
Tests run: 54, Failures: 0, Errors: 0, Skipped: 0, Time elapsed: 0.535 sec
Running org.ovirt.engine.core.utils.serialization.json.JsonImmutableSerializeDeserializeTest
Tests run: 4, Failures: 0, Errors: 0, Skipped: 0, Time elapsed: 0.6 sec
Running org.ovirt.engine.core.utils.serialization.json.JsonObjectSerializerTest
Tests run: 5, Failures: 0, Errors: 0, Skipped: 0, Time elapsed: 0.112 sec
Running org.ovirt.engine.core.utils.serialization.json.JsonObjectSerializationEntitiesTest
Tests run: 33, Failures: 0, Errors: 0, Skipped: 0, Time elapsed: 0.524 sec
Running org.ovirt.engine.core.utils.serialization.json.JsonObjectDeserializerTest
Tests run: 10, Failures: 0, Errors: 0, Skipped: 0, Time elapsed: 0.125 sec
Running org.ovirt.engine.core.utils.serialization.json.VmSerializationTest
Tests run: 1, Failures: 0, Errors: 0, Skipped: 0, Time elapsed: 0.41 sec
Running org.ovirt.engine.core.utils.ReflectionUtilsFindConstructorTest
Tests run: 30, Failures: 0, Errors: 0, Skipped: 0, Time elapsed: 0.04 sec
Running org.ovirt.engine.core.utils.OsRepositoryImplTest
Tests run: 41, Failures: 0, Errors: 0, Skipped: 0, Time elapsed: 0.114 sec
Running org.ovirt.engine.core.utils.XmlUtilsTest
Tests run: 16, Failures: 0, Errors: 0, Skipped: 0, Time elapsed: 0.12 sec
Running org.ovirt.engine.core.utils.EnumUtilsTest
Tests run: 2, Failures: 0, Errors: 0, Skipped: 0, Time elapsed: 0.001 sec
Running org.ovirt.engine.core.utils.OSTest
Tests run: 18, Failures: 0, Errors: 0, Skipped: 0, Time elapsed: 0.123 sec
Running org.ovirt.engine.core.utils.servlet.DocsServletTest
Tests run: 1, Failures: 0, Errors: 0, Skipped: 1, Time elapsed: 0.001 sec
Running org.ovirt.engine.core.utils.servlet.UnsupportedLocaleHelperTest
Tests run: 7, Failures: 0, Errors: 0, Skipped: 0, Time elapsed: 0.01 sec
Running org.ovirt.engine.core.utils.servlet.FileServletTest
Tests run: 9, Failures: 0, Errors: 0, Skipped: 0, Time elapsed: 0.746 sec
Running org.ovirt.engine.core.utils.servlet.ServletUtilsTest
Tests run: 22, Failures: 0, Errors: 0, Skipped: 1, Time elapsed: 0.695 sec
Running org.ovirt.engine.core.utils.servlet.LocaleFilterTest
Tests run: 8, Failures: 0, Errors: 0, Skipped: 0, Time elapsed: 0.048 sec
Running org.ovirt.engine.core.utils.servlet.HeaderFilterTest
Tests run: 4, Failures: 0, Errors: 0, Skipped: 0, Time elapsed: 0.028 sec
Running org.ovirt.engine.core.utils.customprop.DevicePropertiesUtilsTest
Tests run: 16, Failures: 0, Errors: 0, Skipped: 0, Time elapsed: 0.253 sec
Running org.ovirt.engine.core.utils.ErrorTranslatorTest
Tests run: 8, Failures: 0, Errors: 0, Skipped: 0, Time elapsed: 0.02 sec
Running org.ovirt.engine.core.utils.ReplacementUtilsTest
Tests run: 12, Failures: 0, Errors: 0, Skipped: 0, Time elapsed: 0.021 sec
Running org.ovirt.engine.core.utils.lock.AutoCloseableLockTest
Tests run: 3, Failures: 0, Errors: 0, Skipped: 0, Time elapsed: 0.026 sec
Running org.ovirt.engine.core.utils.lock.LockedObjectFactoryTest
Tests run: 5, Failures: 0, Errors: 0, Skipped: 0, Time elapsed: 0.566 sec
Running org.ovirt.engine.core.utils.lock.LockedObjectFactoryLockingInvocationHandlerTest
Tests run: 3, Failures: 0, Errors: 0, Skipped: 0, Time elapsed: 0.207 sec
Running org.ovirt.engine.core.utils.ReapedMapTest
Tests run: 5, Failures: 0, Errors: 0, Skipped: 0, Time elapsed: 4.387 sec
Running org.ovirt.engine.core.utils.collections.CopyOnAccessMapTest
Tests run: 6, Failures: 0, Errors: 0, Skipped: 0, Time elapsed: 0.028 sec
Running org.ovirt.engine.core.utils.collections.MultiValueMapUtilsTest
Tests run: 8, Failures: 0, Errors: 0, Skipped: 0, Time elapsed: 0.008 sec
Running org.ovirt.engine.core.utils.DisjointRangesTest
Tests run: 11, Failures: 0, Errors: 0, Skipped: 0, Time elapsed: 0.025 sec
Running org.ovirt.engine.core.utils.StringMapUtilsTest
Tests run: 5, Failures: 0, Errors: 0, Skipped: 0, Time elapsed: 0 sec
Running org.ovirt.engine.core.utils.archivers.tar.TarInMemoryExportTest
Tests run: 4, Failures: 0, Errors: 0, Skipped: 0, Time elapsed: 0.06 sec
Running org.ovirt.engine.core.utils.archivers.tar.TarTest
Tests run: 2, Failures: 0, Errors: 0, Skipped: 0, Time elapsed: 0.06 sec
Running org.ovirt.engine.core.utils.ovf.OvfParserTest
Tests run: 1, Failures: 0, Errors: 0, Skipped: 0, Time elapsed: 0 sec
Running org.ovirt.engine.core.utils.ovf.HostedEngineOvfWriterTest
Tests run: 5, Failures: 0, Errors: 0, Skipped: 0, Time elapsed: 0.299 sec
Running org.ovirt.engine.core.utils.OSParserTest
Tests run: 5, Failures: 0, Errors: 0, Skipped: 0, Time elapsed: 0.003 sec
Running org.ovirt.engine.core.utils.log.LoggedUtilsTest
Tests run: 27, Failures: 0, Errors: 0, Skipped: 0, Time elapsed: 0.159 sec
Running org.ovirt.engine.core.utils.NetworkUtilsTest
Tests run: 11, Failures: 0, Errors: 0, Skipped: 0, Time elapsed: 0.006 sec
Running org.ovirt.engine.core.utils.MacAddressRangeUtilsTest
Tests run: 7, Failures: 0, Errors: 0, Skipped: 0, Time elapsed: 0.005 sec
Running org.ovirt.engine.core.utils.crypt.EngineEncryptionUtilsTest
Tests run: 2, Failures: 0, Errors: 0, Skipped: 0, Time elapsed: 2.093 sec
Running org.ovirt.engine.core.utils.TicketingTest
Tests run: 1, Failures: 0, Errors: 0, Skipped: 0, Time elapsed: 0.038 sec
Running org.ovirt.engine.core.utils.network.predicate.InterfaceByNetworkNamePredicateTest
Tests run: 3, Failures: 0, Errors: 0, Skipped: 0, Time elapsed: 0.003 sec
Running org.ovirt.engine.core.utils.network.predicate.InterfaceByIpv4AddressPredicateTest
Tests run: 3, Failures: 0, Errors: 0, Skipped: 0, Time elapsed: 0.028 sec
Running org.ovirt.engine.core.utils.network.predicate.IpAddressPredicateTest
Tests run: 10, Failures: 0, Errors: 0, Skipped: 0, Time elapsed: 0.026 sec
Running org.ovirt.engine.core.utils.network.predicate.InterfaceByIpv6AddressPredicateTest
Tests run: 3, Failures: 0, Errors: 0, Skipped: 0, Time elapsed: 0 sec
Running org.ovirt.engine.core.utils.LocaleUtilsTest
Tests run: 2, Failures: 0, Errors: 0, Skipped: 0, Time elapsed: 0 sec
Running org.ovirt.engine.core.utils.ObjectIdentityCheckerTest
Tests run: 8, Failures: 0, Errors: 0, Skipped: 0, Time elapsed: 0.02 sec
Running org.ovirt.engine.core.utils.GuidUtilsTest
Tests run: 4, Failures: 0, Errors: 0, Skipped: 0, Time elapsed: 0 sec
Running org.ovirt.engine.core.utils.osinfo.OsInfoPreferencesLoaderTest
Tests run: 2, Failures: 0, Errors: 0, Skipped: 0, Time elapsed: 0.018 sec
Running org.ovirt.engine.core.utils.NameForVmInPoolGeneratorTest
Tests run: 6, Failures: 0, Errors: 0, Skipped: 0, Time elapsed: 0.007 sec

Results :

Tests run: 454, Failures: 0, Errors: 0, Skipped: 2

[INFO]                                                                         
[INFO] ------------------------------------------------------------------------
[INFO] Building Branding package 4.2.0-SNAPSHOT
[INFO] ------------------------------------------------------------------------
[INFO] 
[INFO] --- maven-resources-plugin:2.4.3:resources (default-resources) @ branding ---
[INFO] Using 'UTF-8' encoding to copy filtered resources.
[INFO] Copying 6 resources
[INFO] 
[INFO] --- maven-compiler-plugin:2.3.2:compile (default-compile) @ branding ---
[INFO] Nothing to compile - all classes are up to date
[INFO] 
[INFO] --- maven-checkstyle-plugin:2.17:check (checkstyle) @ branding ---
[INFO] 
[INFO] --- maven-resources-plugin:2.4.3:testResources (default-testResources) @ branding ---
[INFO] Using 'UTF-8' encoding to copy filtered resources.
[INFO] Copying 23 resources
[INFO] 
[INFO] --- maven-compiler-plugin:2.3.2:testCompile (default-testCompile) @ branding ---
[INFO] Nothing to compile - all classes are up to date
[INFO] 
[INFO] --- maven-surefire-plugin:2.12.3:test (default-test) @ branding ---
[INFO] Surefire report directory: /root/workspace/oVirt/ovirt-engine/247923342/backend/manager/modules/branding/target/surefire-reports

-------------------------------------------------------
 T E S T S
-------------------------------------------------------
Running org.ovirt.engine.core.branding.BrandingManagerTest
Tests run: 11, Failures: 0, Errors: 0, Skipped: 0, Time elapsed: 0.896 sec
Running org.ovirt.engine.core.branding.BrandingCascadingResourceServletTest
Tests run: 2, Failures: 0, Errors: 0, Skipped: 0, Time elapsed: 1.821 sec
Running org.ovirt.engine.core.branding.BrandingThemeTest
Tests run: 10, Failures: 0, Errors: 0, Skipped: 0, Time elapsed: 0.046 sec
Running org.ovirt.engine.core.branding.BrandingServletTest
Tests run: 6, Failures: 0, Errors: 0, Skipped: 0, Time elapsed: 0.221 sec
Running org.ovirt.engine.core.branding.BrandingFilterTest
Tests run: 1, Failures: 0, Errors: 0, Skipped: 0, Time elapsed: 0.234 sec

Results :

Tests run: 30, Failures: 0, Errors: 0, Skipped: 0

[INFO]                                                                         
[INFO] ------------------------------------------------------------------------
[INFO] Building ovirt-engine sso 4.2.0-SNAPSHOT
[INFO] ------------------------------------------------------------------------
[INFO] 
[INFO] --- maven-resources-plugin:2.4.3:resources (default-resources) @ enginesso ---
[INFO] Using 'UTF-8' encoding to copy filtered resources.
[INFO] Copying 0 resource
[INFO] Copying 18 resources
[INFO] 
[INFO] --- maven-compiler-plugin:2.3.2:compile (default-compile) @ enginesso ---
[INFO] Nothing to compile - all classes are up to date
[INFO] 
[INFO] --- maven-checkstyle-plugin:2.17:check (checkstyle) @ enginesso ---
[INFO] 
[INFO] --- maven-resources-plugin:2.4.3:testResources (default-testResources) @ enginesso ---
[INFO] Using 'UTF-8' encoding to copy filtered resources.
[INFO] skip non existing resourceDirectory /root/workspace/oVirt/ovirt-engine/247923342/backend/manager/modules/enginesso/src/test/resources
[INFO] 
[INFO] --- maven-compiler-plugin:2.3.2:testCompile (default-testCompile) @ enginesso ---
[INFO] No sources to compile
[INFO] 
[INFO] --- maven-surefire-plugin:2.12.3:test (default-test) @ enginesso ---
[INFO] No tests to run.
[INFO]                                                                         
[INFO] ------------------------------------------------------------------------
[INFO] Building Data Access Layer 4.2.0-SNAPSHOT
[INFO] ------------------------------------------------------------------------
[INFO] 
[INFO] --- maven-resources-plugin:2.4.3:resources (default-resources) @ dal ---
[INFO] Using 'UTF-8' encoding to copy filtered resources.
[INFO] Copying 9 resources
[INFO] 
[INFO] --- maven-resources-plugin:2.4.3:copy-resources (copy-resources) @ dal ---
[INFO] Using 'UTF-8' encoding to copy filtered resources.
[INFO] skip non existing resourceDirectory /root/workspace/oVirt/ovirt-engine/247923342/backend/manager/modules/dal/src/main/jdbc-resources
[INFO] 
[INFO] --- maven-compiler-plugin:2.3.2:compile (default-compile) @ dal ---
[INFO] Nothing to compile - all classes are up to date
[INFO] 
[INFO] --- maven-checkstyle-plugin:2.17:check (checkstyle) @ dal ---
[INFO] 
[INFO] --- maven-resources-plugin:2.4.3:testResources (default-testResources) @ dal ---
[INFO] Using 'UTF-8' encoding to copy filtered resources.
[INFO] Copying 8 resources
[INFO] Copying 1 resource
[INFO] 
[INFO] --- maven-compiler-plugin:2.3.2:testCompile (default-testCompile) @ dal ---
[INFO] Nothing to compile - all classes are up to date
[INFO] 
[INFO] --- maven-surefire-plugin:2.12.3:test (default-test) @ dal ---
[INFO] Surefire report directory: /root/workspace/oVirt/ovirt-engine/247923342/backend/manager/modules/dal/target/surefire-reports

-------------------------------------------------------
 T E S T S
-------------------------------------------------------
Running org.ovirt.engine.core.dal.job.ExecutionMessageDirectorTest
Tests run: 6, Failures: 0, Errors: 0, Skipped: 0, Time elapsed: 0.327 sec
Running org.ovirt.engine.core.dal.dbbroker.auditloghandling.EventKeyComposerTest
Tests run: 4, Failures: 0, Errors: 0, Skipped: 0, Time elapsed: 0.144 sec
Running org.ovirt.engine.core.dal.dbbroker.auditloghandling.MessageResolverTest
Tests run: 4, Failures: 0, Errors: 0, Skipped: 0, Time elapsed: 2.14 sec
Running org.ovirt.engine.core.dal.dbbroker.auditloghandling.AuditLogMessagesTest
Tests run: 1, Failures: 0, Errors: 0, Skipped: 0, Time elapsed: 0.038 sec
Running org.ovirt.engine.core.dal.dbbroker.auditloghandling.AuditLogableBaseTest
Tests run: 116, Failures: 0, Errors: 0, Skipped: 0, Time elapsed: 1.258 sec
Running org.ovirt.engine.core.dal.dbbroker.CustomMapSqlParameterSourceTest
Tests run: 6, Failures: 0, Errors: 0, Skipped: 0, Time elapsed: 0.067 sec
Running org.ovirt.engine.core.ErrorMessagesTest
Tests run: 1, Failures: 0, Errors: 0, Skipped: 0, Time elapsed: 0.114 sec
Running org.ovirt.engine.core.EngineErrorsTest
Tests run: 1, Failures: 0, Errors: 0, Skipped: 0, Time elapsed: 0.027 sec
Running org.ovirt.engine.core.dao.DaoCdiIntegrationTest
Tests run: 3, Failures: 0, Errors: 0, Skipped: 0, Time elapsed: 0.685 sec

Results :

Tests run: 142, Failures: 0, Errors: 0, Skipped: 0

[INFO]                                                                         
[INFO] ------------------------------------------------------------------------
[INFO] Building engine scheduler bean 4.2.0-SNAPSHOT
[INFO] ------------------------------------------------------------------------
[INFO] 
[INFO] --- maven-resources-plugin:2.4.3:resources (default-resources) @ scheduler ---
[INFO] Using 'UTF-8' encoding to copy filtered resources.
[INFO] Copying 2 resources
[INFO] 
[INFO] --- maven-compiler-plugin:2.3.2:compile (default-compile) @ scheduler ---
[INFO] Nothing to compile - all classes are up to date
[INFO] 
[INFO] --- maven-checkstyle-plugin:2.17:check (checkstyle) @ scheduler ---
[INFO] 
[INFO] --- maven-resources-plugin:2.4.3:testResources (default-testResources) @ scheduler ---
[INFO] Using 'UTF-8' encoding to copy filtered resources.
[INFO] Copying 1 resource
[INFO] 
[INFO] --- maven-compiler-plugin:2.3.2:testCompile (default-testCompile) @ scheduler ---
[INFO] Nothing to compile - all classes are up to date
[INFO] 
[INFO] --- maven-surefire-plugin:2.12.3:test (default-test) @ scheduler ---
[INFO] Surefire report directory: /root/workspace/oVirt/ovirt-engine/247923342/backend/manager/modules/scheduler/target/surefire-reports

-------------------------------------------------------
 T E S T S
-------------------------------------------------------
Running org.ovirt.engine.core.utils.timer.JobWrapperTest
Tests run: 1, Failures: 0, Errors: 0, Skipped: 0, Time elapsed: 0.239 sec

Results :

Tests run: 1, Failures: 0, Errors: 0, Skipped: 0

[INFO]                                                                         
[INFO] ------------------------------------------------------------------------
[INFO] Building Vds broker 4.2.0-SNAPSHOT
[INFO] ------------------------------------------------------------------------
[INFO] 
[INFO] --- maven-resources-plugin:2.4.3:resources (default-resources) @ vdsbroker ---
[INFO] Using 'UTF-8' encoding to copy filtered resources.
[INFO] Copying 0 resource
[INFO] Copying 1 resource
[INFO] 
[INFO] --- maven-compiler-plugin:2.3.2:compile (default-compile) @ vdsbroker ---
[INFO] Nothing to compile - all classes are up to date
[INFO] 
[INFO] --- maven-checkstyle-plugin:2.17:check (checkstyle) @ vdsbroker ---
[INFO] 
[INFO] --- maven-resources-plugin:2.4.3:testResources (default-testResources) @ vdsbroker ---
[INFO] Using 'UTF-8' encoding to copy filtered resources.
[INFO] skip non existing resourceDirectory /root/workspace/oVirt/ovirt-engine/247923342/backend/manager/modules/vdsbroker/src/test/resources
[INFO] 
[INFO] --- maven-compiler-plugin:2.3.2:testCompile (default-testCompile) @ vdsbroker ---
[INFO] Nothing to compile - all classes are up to date
[INFO] 
[INFO] --- maven-surefire-plugin:2.12.3:test (default-test) @ vdsbroker ---
[INFO] Surefire report directory: /root/workspace/oVirt/ovirt-engine/247923342/backend/manager/modules/vdsbroker/target/surefire-reports

-------------------------------------------------------
 T E S T S
-------------------------------------------------------
Running org.ovirt.engine.core.common.vdscommands.VdsCommandTypeTest
Tests run: 1, Failures: 0, Errors: 0, Skipped: 0, Time elapsed: 0.616 sec
Running org.ovirt.engine.core.vdsbroker.CalculateBaseNicTest
Tests run: 6, Failures: 0, Errors: 0, Skipped: 0, Time elapsed: 1.621 sec
Running org.ovirt.engine.core.vdsbroker.HttpUtilsTest
Tests run: 5, Failures: 0, Errors: 0, Skipped: 0, Time elapsed: 0.229 sec
Running org.ovirt.engine.core.vdsbroker.monitoring.LunDisksMonitoringTest
Tests run: 5, Failures: 0, Errors: 0, Skipped: 0, Time elapsed: 0.482 sec
Running org.ovirt.engine.core.vdsbroker.monitoring.VmAnalyzerTest
Tests run: 16, Failures: 0, Errors: 0, Skipped: 0, Time elapsed: 3.025 sec
Running org.ovirt.engine.core.vdsbroker.monitoring.MultipleServicesMonitoringStrategyTest
Tests run: 6, Failures: 0, Errors: 0, Skipped: 0, Time elapsed: 0.236 sec
Running org.ovirt.engine.core.vdsbroker.monitoring.VirtMonitoringStrategyTest
Tests run: 9, Failures: 0, Errors: 0, Skipped: 0, Time elapsed: 0.024 sec
Running org.ovirt.engine.core.vdsbroker.monitoring.VmsListFetcherTest
Tests run: 5, Failures: 0, Errors: 0, Skipped: 0, Time elapsed: 0.421 sec
Running org.ovirt.engine.core.vdsbroker.monitoring.HostMonitoringTest
Tests run: 1, Failures: 0, Errors: 0, Skipped: 0, Time elapsed: 0.311 sec
Running org.ovirt.engine.core.vdsbroker.monitoring.PollVmStatsRefresherTest
Tests run: 16, Failures: 0, Errors: 0, Skipped: 0, Time elapsed: 0.063 sec
Running org.ovirt.engine.core.vdsbroker.monitoring.VmDevicesMonitoringTest
Tests run: 11, Failures: 0, Errors: 0, Skipped: 0, Time elapsed: 0.124 sec
Running org.ovirt.engine.core.vdsbroker.monitoring.VmJobsMonitoringTest
Tests run: 7, Failures: 0, Errors: 0, Skipped: 0, Time elapsed: 0.096 sec
Running org.ovirt.engine.core.vdsbroker.vdsbroker.FenceVdsVDSCommandTest
Tests run: 6, Failures: 0, Errors: 0, Skipped: 0, Time elapsed: 0.516 sec
Running org.ovirt.engine.core.vdsbroker.vdsbroker.SysprepHandlerTest
Tests run: 11, Failures: 0, Errors: 0, Skipped: 0, Time elapsed: 0.012 sec
Running org.ovirt.engine.core.vdsbroker.vdsbroker.VdsBrokerObjectsBuilderTest
Tests run: 32, Failures: 0, Errors: 0, Skipped: 0, Time elapsed: 0.395 sec
Running org.ovirt.engine.core.vdsbroker.vdsbroker.predicates.DisplayInterfaceEqualityPredicateTest
Tests run: 3, Failures: 0, Errors: 0, Skipped: 0, Time elapsed: 0.125 sec
Running org.ovirt.engine.core.vdsbroker.vdsbroker.predicates.IsNetworkOnInterfacePredicateTest
Tests run: 2, Failures: 0, Errors: 0, Skipped: 0, Time elapsed: 0.003 sec
Running org.ovirt.engine.core.vdsbroker.vdsbroker.HostNetworkAttachmentsPersisterTest
Tests run: 12, Failures: 0, Errors: 0, Skipped: 0, Time elapsed: 0.055 sec
Running org.ovirt.engine.core.vdsbroker.vdsbroker.VmSerialNumberBuilderTest
Tests run: 12, Failures: 0, Errors: 0, Skipped: 0, Time elapsed: 0.007 sec
Running org.ovirt.engine.core.vdsbroker.vdsbroker.GetDeviceListVDSCommandTest
Tests run: 6, Failures: 0, Errors: 0, Skipped: 0, Time elapsed: 0.006 sec
Running org.ovirt.engine.core.vdsbroker.vdsbroker.HostSetupNetworksVDSCommandTest
Tests run: 1, Failures: 0, Errors: 0, Skipped: 0, Time elapsed: 0.048 sec
Running org.ovirt.engine.core.vdsbroker.vdsbroker.CloudInitHandlerTest
Tests run: 3, Failures: 0, Errors: 0, Skipped: 0, Time elapsed: 0.159 sec
Running org.ovirt.engine.core.vdsbroker.vdsbroker.IoTuneUtilsTest
Tests run: 5, Failures: 0, Errors: 0, Skipped: 0, Time elapsed: 0.011 sec
Running org.ovirt.engine.core.vdsbroker.vdsbroker.NumaSettingFactoryTest
Tests run: 4, Failures: 0, Errors: 0, Skipped: 0, Time elapsed: 0.056 sec
Running org.ovirt.engine.core.vdsbroker.NetworkStatisticsBuilderTest
Tests run: 12, Failures: 0, Errors: 0, Skipped: 0, Time elapsed: 0.013 sec
Running org.ovirt.engine.core.vdsbroker.storage.StorageConnectionHelperTest
Tests run: 4, Failures: 0, Errors: 0, Skipped: 0, Time elapsed: 0.021 sec
Running org.ovirt.engine.core.vdsbroker.EffectiveHostNetworkQosTest
Tests run: 5, Failures: 0, Errors: 0, Skipped: 0, Time elapsed: 0.021 sec
Running org.ovirt.engine.core.vdsbroker.builder.vminfo.VmInfoBuilderFactoryTest
Tests run: 1, Failures: 0, Errors: 0, Skipped: 0, Time elapsed: 0.151 sec
Running org.ovirt.engine.core.vdsbroker.builder.vminfo.VmInfoBuildUtilsTest
Tests run: 6, Failures: 0, Errors: 0, Skipped: 0, Time elapsed: 0.091 sec
Running org.ovirt.engine.core.vdsbroker.NetworkImplementationDetailsUtilsUsingVlanNicTest
Tests run: 18, Failures: 0, Errors: 0, Skipped: 0, Time elapsed: 0.127 sec
Running org.ovirt.engine.core.vdsbroker.jsonrpc.MarshallingTestCase
Tests run: 13, Failures: 0, Errors: 0, Skipped: 0, Time elapsed: 0.115 sec
Running org.ovirt.engine.core.vdsbroker.jsonrpc.JsonRpcIntegrationTest
Tests run: 1, Failures: 0, Errors: 0, Skipped: 1, Time elapsed: 0.001 sec
Running org.ovirt.engine.core.vdsbroker.NetworkImplementationDetailsUtilsUsingBaseNicTest
Tests run: 17, Failures: 0, Errors: 0, Skipped: 0, Time elapsed: 0.058 sec
Running org.ovirt.engine.core.vdsbroker.irsbroker.ImagesListReturnTest
Tests run: 1, Failures: 0, Errors: 0, Skipped: 0, Time elapsed: 0.042 sec

Results :

Tests run: 263, Failures: 0, Errors: 0, Skipped: 1

[INFO]                                                                         
[INFO] ------------------------------------------------------------------------
[INFO] Building builtin-extensions 4.2.0-SNAPSHOT
[INFO] ------------------------------------------------------------------------
[INFO] 
[INFO] --- maven-resources-plugin:2.4.3:resources (default-resources) @ builtin ---
[INFO] Using 'UTF-8' encoding to copy filtered resources.
[INFO] Copying 0 resource
[INFO] Copying 1 resource
[INFO] 
[INFO] --- maven-compiler-plugin:2.3.2:compile (default-compile) @ builtin ---
[INFO] Nothing to compile - all classes are up to date
[INFO] 
[INFO] --- maven-checkstyle-plugin:2.17:check (checkstyle) @ builtin ---
[INFO] 
[INFO] --- maven-resources-plugin:2.4.3:testResources (default-testResources) @ builtin ---
[INFO] Using 'UTF-8' encoding to copy filtered resources.
[INFO] skip non existing resourceDirectory /root/workspace/oVirt/ovirt-engine/247923342/backend/manager/modules/builtin-extensions/src/test/resources
[INFO] 
[INFO] --- maven-compiler-plugin:2.3.2:testCompile (default-testCompile) @ builtin ---
[INFO] No sources to compile
[INFO] 
[INFO] --- maven-surefire-plugin:2.12.3:test (default-test) @ builtin ---
[INFO] No tests to run.
[INFO]                                                                         
[INFO] ------------------------------------------------------------------------
[INFO] Building Search Backend 4.2.0-SNAPSHOT
[INFO] ------------------------------------------------------------------------
[INFO] 
[INFO] --- maven-resources-plugin:2.4.3:resources (default-resources) @ searchbackend ---
[INFO] Using 'UTF-8' encoding to copy filtered resources.
[INFO] Copying 0 resource
[INFO] skip non existing resourceDirectory /root/workspace/oVirt/ovirt-engine/247923342/backend/manager/modules/searchbackend/src/main/resources
[INFO] 
[INFO] --- maven-compiler-plugin:2.3.2:compile (default-compile) @ searchbackend ---
[INFO] Nothing to compile - all classes are up to date
[INFO] 
[INFO] --- maven-checkstyle-plugin:2.17:check (checkstyle) @ searchbackend ---
[INFO] 
[INFO] --- maven-resources-plugin:2.4.3:testResources (default-testResources) @ searchbackend ---
[INFO] Using 'UTF-8' encoding to copy filtered resources.
[INFO] skip non existing resourceDirectory /root/workspace/oVirt/ovirt-engine/247923342/backend/manager/modules/searchbackend/src/test/resources
[INFO] 
[INFO] --- maven-compiler-plugin:2.3.2:testCompile (default-testCompile) @ searchbackend ---
[INFO] Nothing to compile - all classes are up to date
[INFO] 
[INFO] --- maven-surefire-plugin:2.12.3:test (default-test) @ searchbackend ---
[INFO] Surefire report directory: /root/workspace/oVirt/ovirt-engine/247923342/backend/manager/modules/searchbackend/target/surefire-reports

-------------------------------------------------------
 T E S T S
-------------------------------------------------------
Running org.ovirt.engine.core.searchbackend.EnumValueAutoCompleterTest
Tests run: 2, Failures: 0, Errors: 0, Skipped: 0, Time elapsed: 0.19 sec
Running org.ovirt.engine.core.searchbackend.NetworkConditionFieldAutoCompleterTest
Tests run: 1, Failures: 0, Errors: 0, Skipped: 0, Time elapsed: 0.153 sec
Running org.ovirt.engine.core.searchbackend.gluster.GlusterVolumeCrossRefAutoCompleterTest
Tests run: 1, Failures: 0, Errors: 0, Skipped: 0, Time elapsed: 0 sec
Running org.ovirt.engine.core.searchbackend.gluster.GlusterVolumeConditionFieldAutoCompleterTest
Tests run: 2, Failures: 0, Errors: 0, Skipped: 0, Time elapsed: 0.018 sec
Running org.ovirt.engine.core.searchbackend.StorageDomainFieldAutoCompleterTest
Tests run: 1, Failures: 0, Errors: 0, Skipped: 0, Time elapsed: 0.008 sec
Running org.ovirt.engine.core.searchbackend.BaseConditionFieldAutoCompleterTest
Tests run: 3, Failures: 0, Errors: 0, Skipped: 0, Time elapsed: 0.012 sec
Running org.ovirt.engine.core.searchbackend.OsValueAutoCompleterTest
Tests run: 4, Failures: 0, Errors: 0, Skipped: 0, Time elapsed: 0.098 sec
Running org.ovirt.engine.core.searchbackend.SearchObjectAutoCompleterTest
Tests run: 5, Failures: 0, Errors: 0, Skipped: 0, Time elapsed: 0.09 sec
Running org.ovirt.engine.core.searchbackend.EnumNameAutoCompleterTest
Tests run: 2, Failures: 0, Errors: 0, Skipped: 0, Time elapsed: 0.004 sec
Running org.ovirt.engine.core.searchbackend.SearchObjectsBaseAutoCompleterTest
Tests run: 1, Failures: 0, Errors: 0, Skipped: 0, Time elapsed: 0 sec
Running org.ovirt.engine.core.searchbackend.DiskConditionFieldAutoCompleterTest
Tests run: 1, Failures: 0, Errors: 0, Skipped: 0, Time elapsed: 0.001 sec
Running org.ovirt.engine.core.searchbackend.SyntaxCheckerTest
Tests run: 39, Failures: 16, Errors: 0, Skipped: 0, Time elapsed: 1.621 sec <<< FAILURE!
testVms(org.ovirt.engine.core.searchbackend.SyntaxCheckerTest)  Time elapsed: 15 sec  <<< FAILURE!
org.junit.ComparisonFailure: expected:<...s_view.id    WHERE  [storage_domains_with_hosts_view.storage_name LIKE 111] ))  ORDER BY vm_nam...> but was:<...s_view.id    WHERE  [(storage_domains_with_hosts_view.storage_name IS NULL OR storage_domains_with_hosts_view.storage_name LIKE 111)] ))  ORDER BY vm_nam...>
	at org.junit.Assert.assertEquals(Assert.java:115)
	at org.junit.Assert.assertEquals(Assert.java:144)
	at org.ovirt.engine.core.searchbackend.SyntaxCheckerTest.testValidSql(SyntaxCheckerTest.java:464)
	at org.ovirt.engine.core.searchbackend.SyntaxCheckerTest.testVms(SyntaxCheckerTest.java:190)
	at sun.reflect.NativeMethodAccessorImpl.invoke0(Native Method)
	at sun.reflect.NativeMethodAccessorImpl.invoke(NativeMethodAccessorImpl.java:62)
	at sun.reflect.DelegatingMethodAccessorImpl.invoke(DelegatingMethodAccessorImpl.java:43)
	at java.lang.reflect.Method.invoke(Method.java:498)
	at org.junit.runners.model.FrameworkMethod$1.runReflectiveCall(FrameworkMethod.java:50)
	at org.junit.internal.runners.model.ReflectiveCallable.run(ReflectiveCallable.java:12)
	at org.junit.runners.model.FrameworkMethod.invokeExplosively(FrameworkMethod.java:47)
	at org.junit.internal.runners.statements.InvokeMethod.evaluate(InvokeMethod.java:17)
	at org.junit.internal.runners.statements.RunBefores.evaluate(RunBefores.java:26)
	at org.junit.rules.TestWatcher$1.evaluate(TestWatcher.java:55)
	at org.junit.rules.RunRules.evaluate(RunRules.java:20)
	at org.junit.runners.ParentRunner.runLeaf(ParentRunner.java:325)
	at org.junit.runners.BlockJUnit4ClassRunner.runChild(BlockJUnit4ClassRunner.java:78)
	at org.junit.runners.BlockJUnit4ClassRunner.runChild(BlockJUnit4ClassRunner.java:57)
	at org.junit.runners.ParentRunner$3.run(ParentRunner.java:290)
	at org.junit.runners.ParentRunner$1.schedule(ParentRunner.java:71)
	at org.junit.runners.ParentRunner.runChildren(ParentRunner.java:288)
	at org.junit.runners.ParentRunner.access$000(ParentRunner.java:58)
	at org.junit.runners.ParentRunner$2.evaluate(ParentRunner.java:268)
	at org.junit.runners.ParentRunner.run(ParentRunner.java:363)
	at org.apache.maven.surefire.junit4.JUnit4Provider.execute(JUnit4Provider.java:252)
	at org.apache.maven.surefire.junit4.JUnit4Provider.executeTestSet(JUnit4Provider.java:141)
	at org.apache.maven.surefire.junit4.JUnit4Provider.invoke(JUnit4Provider.java:112)
	at sun.reflect.NativeMethodAccessorImpl.invoke0(Native Method)
	at sun.reflect.NativeMethodAccessorImpl.invoke(NativeMethodAccessorImpl.java:62)
	at sun.reflect.DelegatingMethodAccessorImpl.invoke(DelegatingMethodAccessorImpl.java:43)
	at java.lang.reflect.Method.invoke(Method.java:498)
	at org.apache.maven.surefire.util.ReflectionUtils.invokeMethodWithArray(ReflectionUtils.java:189)
	at org.apache.maven.surefire.booter.ProviderFactory$ProviderProxy.invoke(ProviderFactory.java:165)
	at org.apache.maven.surefire.booter.ProviderFactory.invokeProvider(ProviderFactory.java:85)
	at org.apache.maven.surefire.booter.ForkedBooter.runSuitesInProcess(ForkedBooter.java:115)
	at org.apache.maven.surefire.booter.ForkedBooter.main(ForkedBooter.java:75)

testEvent(org.ovirt.engine.core.searchbackend.SyntaxCheckerTest)  Time elapsed: 18 sec  <<< FAILURE!
org.junit.ComparisonFailure: expected:<...gs.vds_id    WHERE  [vds_with_tags.vds_name LIKE host1]  AND not deleted)  ...> but was:<...gs.vds_id    WHERE  [(vds_with_tags.vds_name IS NULL OR vds_with_tags.vds_name LIKE host1)]  AND not deleted)  ...>
	at org.junit.Assert.assertEquals(Assert.java:115)
	at org.junit.Assert.assertEquals(Assert.java:144)
	at org.ovirt.engine.core.searchbackend.SyntaxCheckerTest.testValidSql(SyntaxCheckerTest.java:464)
	at org.ovirt.engine.core.searchbackend.SyntaxCheckerTest.testEvent(SyntaxCheckerTest.java:207)
	at sun.reflect.NativeMethodAccessorImpl.invoke0(Native Method)
	at sun.reflect.NativeMethodAccessorImpl.invoke(NativeMethodAccessorImpl.java:62)
	at sun.reflect.DelegatingMethodAccessorImpl.invoke(DelegatingMethodAccessorImpl.java:43)
	at java.lang.reflect.Method.invoke(Method.java:498)
	at org.junit.runners.model.FrameworkMethod$1.runReflectiveCall(FrameworkMethod.java:50)
	at org.junit.internal.runners.model.ReflectiveCallable.run(ReflectiveCallable.java:12)
	at org.junit.runners.model.FrameworkMethod.invokeExplosively(FrameworkMethod.java:47)
	at org.junit.internal.runners.statements.InvokeMethod.evaluate(InvokeMethod.java:17)
	at org.junit.internal.runners.statements.RunBefores.evaluate(RunBefores.java:26)
	at org.junit.rules.TestWatcher$1.evaluate(TestWatcher.java:55)
	at org.junit.rules.RunRules.evaluate(RunRules.java:20)
	at org.junit.runners.ParentRunner.runLeaf(ParentRunner.java:325)
	at org.junit.runners.BlockJUnit4ClassRunner.runChild(BlockJUnit4ClassRunner.java:78)
	at org.junit.runners.BlockJUnit4ClassRunner.runChild(BlockJUnit4ClassRunner.java:57)
	at org.junit.runners.ParentRunner$3.run(ParentRunner.java:290)
	at org.junit.runners.ParentRunner$1.schedule(ParentRunner.java:71)
	at org.junit.runners.ParentRunner.runChildren(ParentRunner.java:288)
	at org.junit.runners.ParentRunner.access$000(ParentRunner.java:58)
	at org.junit.runners.ParentRunner$2.evaluate(ParentRunner.java:268)
	at org.junit.runners.ParentRunner.run(ParentRunner.java:363)
	at org.apache.maven.surefire.junit4.JUnit4Provider.execute(JUnit4Provider.java:252)
	at org.apache.maven.surefire.junit4.JUnit4Provider.executeTestSet(JUnit4Provider.java:141)
	at org.apache.maven.surefire.junit4.JUnit4Provider.invoke(JUnit4Provider.java:112)
	at sun.reflect.NativeMethodAccessorImpl.invoke0(Native Method)
	at sun.reflect.NativeMethodAccessorImpl.invoke(NativeMethodAccessorImpl.java:62)
	at sun.reflect.DelegatingMethodAccessorImpl.invoke(DelegatingMethodAccessorImpl.java:43)
	at java.lang.reflect.Method.invoke(Method.java:498)
	at org.apache.maven.surefire.util.ReflectionUtils.invokeMethodWithArray(ReflectionUtils.java:189)
	at org.apache.maven.surefire.booter.ProviderFactory$ProviderProxy.invoke(ProviderFactory.java:165)
	at org.apache.maven.surefire.booter.ProviderFactory.invokeProvider(ProviderFactory.java:85)
	at org.apache.maven.surefire.booter.ForkedBooter.runSuitesInProcess(ForkedBooter.java:115)
	at org.apache.maven.surefire.booter.ForkedBooter.main(ForkedBooter.java:75)

testGroup(org.ovirt.engine.core.searchbackend.SyntaxCheckerTest)  Time elapsed: 4 sec  <<< FAILURE!
org.junit.ComparisonFailure: expected:<... ad_groups   WHERE  [ad_groups.name LIKE group1] )  ORDER BY name AS...> but was:<... ad_groups   WHERE  [(ad_groups.name IS NULL OR ad_groups.name LIKE group1)] )  ORDER BY name AS...>
	at org.junit.Assert.assertEquals(Assert.java:115)
	at org.junit.Assert.assertEquals(Assert.java:144)
	at org.ovirt.engine.core.searchbackend.SyntaxCheckerTest.testValidSql(SyntaxCheckerTest.java:464)
	at org.ovirt.engine.core.searchbackend.SyntaxCheckerTest.testGroup(SyntaxCheckerTest.java:264)
	at sun.reflect.NativeMethodAccessorImpl.invoke0(Native Method)
	at sun.reflect.NativeMethodAccessorImpl.invoke(NativeMethodAccessorImpl.java:62)
	at sun.reflect.DelegatingMethodAccessorImpl.invoke(DelegatingMethodAccessorImpl.java:43)
	at java.lang.reflect.Method.invoke(Method.java:498)
	at org.junit.runners.model.FrameworkMethod$1.runReflectiveCall(FrameworkMethod.java:50)
	at org.junit.internal.runners.model.ReflectiveCallable.run(ReflectiveCallable.java:12)
	at org.junit.runners.model.FrameworkMethod.invokeExplosively(FrameworkMethod.java:47)
	at org.junit.internal.runners.statements.InvokeMethod.evaluate(InvokeMethod.java:17)
	at org.junit.internal.runners.statements.RunBefores.evaluate(RunBefores.java:26)
	at org.junit.rules.TestWatcher$1.evaluate(TestWatcher.java:55)
	at org.junit.rules.RunRules.evaluate(RunRules.java:20)
	at org.junit.runners.ParentRunner.runLeaf(ParentRunner.java:325)
	at org.junit.runners.BlockJUnit4ClassRunner.runChild(BlockJUnit4ClassRunner.java:78)
	at org.junit.runners.BlockJUnit4ClassRunner.runChild(BlockJUnit4ClassRunner.java:57)
	at org.junit.runners.ParentRunner$3.run(ParentRunner.java:290)
	at org.junit.runners.ParentRunner$1.schedule(ParentRunner.java:71)
	at org.junit.runners.ParentRunner.runChildren(ParentRunner.java:288)
	at org.junit.runners.ParentRunner.access$000(ParentRunner.java:58)
	at org.junit.runners.ParentRunner$2.evaluate(ParentRunner.java:268)
	at org.junit.runners.ParentRunner.run(ParentRunner.java:363)
	at org.apache.maven.surefire.junit4.JUnit4Provider.execute(JUnit4Provider.java:252)
	at org.apache.maven.surefire.junit4.JUnit4Provider.executeTestSet(JUnit4Provider.java:141)
	at org.apache.maven.surefire.junit4.JUnit4Provider.invoke(JUnit4Provider.java:112)
	at sun.reflect.NativeMethodAccessorImpl.invoke0(Native Method)
	at sun.reflect.NativeMethodAccessorImpl.invoke(NativeMethodAccessorImpl.java:62)
	at sun.reflect.DelegatingMethodAccessorImpl.invoke(DelegatingMethodAccessorImpl.java:43)
	at java.lang.reflect.Method.invoke(Method.java:498)
	at org.apache.maven.surefire.util.ReflectionUtils.invokeMethodWithArray(ReflectionUtils.java:189)
	at org.apache.maven.surefire.booter.ProviderFactory$ProviderProxy.invoke(ProviderFactory.java:165)
	at org.apache.maven.surefire.booter.ProviderFactory.invokeProvider(ProviderFactory.java:85)
	at org.apache.maven.surefire.booter.ForkedBooter.runSuitesInProcess(ForkedBooter.java:115)
	at org.apache.maven.surefire.booter.ForkedBooter.main(ForkedBooter.java:75)

testQuota(org.ovirt.engine.core.searchbackend.SyntaxCheckerTest)  Time elapsed: 5 sec  <<< FAILURE!
org.junit.ComparisonFailure: expected:<...quota_view   WHERE  [quota_view.storage_pool_name LIKE pool] )  ORDER BY quota_n...> but was:<...quota_view   WHERE  [(quota_view.storage_pool_name IS NULL OR quota_view.storage_pool_name LIKE pool)] )  ORDER BY quota_n...>
	at org.junit.Assert.assertEquals(Assert.java:115)
	at org.junit.Assert.assertEquals(Assert.java:144)
	at org.ovirt.engine.core.searchbackend.SyntaxCheckerTest.testValidSql(SyntaxCheckerTest.java:464)
	at org.ovirt.engine.core.searchbackend.SyntaxCheckerTest.testQuota(SyntaxCheckerTest.java:371)
	at sun.reflect.NativeMethodAccessorImpl.invoke0(Native Method)
	at sun.reflect.NativeMethodAccessorImpl.invoke(NativeMethodAccessorImpl.java:62)
	at sun.reflect.DelegatingMethodAccessorImpl.invoke(DelegatingMethodAccessorImpl.java:43)
	at java.lang.reflect.Method.invoke(Method.java:498)
	at org.junit.runners.model.FrameworkMethod$1.runReflectiveCall(FrameworkMethod.java:50)
	at org.junit.internal.runners.model.ReflectiveCallable.run(ReflectiveCallable.java:12)
	at org.junit.runners.model.FrameworkMethod.invokeExplosively(FrameworkMethod.java:47)
	at org.junit.internal.runners.statements.InvokeMethod.evaluate(InvokeMethod.java:17)
	at org.junit.internal.runners.statements.RunBefores.evaluate(RunBefores.java:26)
	at org.junit.rules.TestWatcher$1.evaluate(TestWatcher.java:55)
	at org.junit.rules.RunRules.evaluate(RunRules.java:20)
	at org.junit.runners.ParentRunner.runLeaf(ParentRunner.java:325)
	at org.junit.runners.BlockJUnit4ClassRunner.runChild(BlockJUnit4ClassRunner.java:78)
	at org.junit.runners.BlockJUnit4ClassRunner.runChild(BlockJUnit4ClassRunner.java:57)
	at org.junit.runners.ParentRunner$3.run(ParentRunner.java:290)
	at org.junit.runners.ParentRunner$1.schedule(ParentRunner.java:71)
	at org.junit.runners.ParentRunner.runChildren(ParentRunner.java:288)
	at org.junit.runners.ParentRunner.access$000(ParentRunner.java:58)
	at org.junit.runners.ParentRunner$2.evaluate(ParentRunner.java:268)
	at org.junit.runners.ParentRunner.run(ParentRunner.java:363)
	at org.apache.maven.surefire.junit4.JUnit4Provider.execute(JUnit4Provider.java:252)
	at org.apache.maven.surefire.junit4.JUnit4Provider.executeTestSet(JUnit4Provider.java:141)
	at org.apache.maven.surefire.junit4.JUnit4Provider.invoke(JUnit4Provider.java:112)
	at sun.reflect.NativeMethodAccessorImpl.invoke0(Native Method)
	at sun.reflect.NativeMethodAccessorImpl.invoke(NativeMethodAccessorImpl.java:62)
	at sun.reflect.DelegatingMethodAccessorImpl.invoke(DelegatingMethodAccessorImpl.java:43)
	at java.lang.reflect.Method.invoke(Method.java:498)
	at org.apache.maven.surefire.util.ReflectionUtils.invokeMethodWithArray(ReflectionUtils.java:189)
	at org.apache.maven.surefire.booter.ProviderFactory$ProviderProxy.invoke(ProviderFactory.java:165)
	at org.apache.maven.surefire.booter.ProviderFactory.invokeProvider(ProviderFactory.java:85)
	at org.apache.maven.surefire.booter.ForkedBooter.runSuitesInProcess(ForkedBooter.java:115)
	at org.apache.maven.surefire.booter.ForkedBooter.main(ForkedBooter.java:75)

testDisk(org.ovirt.engine.core.searchbackend.SyntaxCheckerTest)  Time elapsed: 5 sec  <<< FAILURE!
org.junit.ComparisonFailure: expected:<... all_disks   WHERE  [all_disks.disk_alias LIKE vm1] )  ORDER BY disk_al...> but was:<... all_disks   WHERE  [(all_disks.disk_alias IS NULL OR all_disks.disk_alias LIKE vm1)] )  ORDER BY disk_al...>
	at org.junit.Assert.assertEquals(Assert.java:115)
	at org.junit.Assert.assertEquals(Assert.java:144)
	at org.ovirt.engine.core.searchbackend.SyntaxCheckerTest.testValidSql(SyntaxCheckerTest.java:464)
	at org.ovirt.engine.core.searchbackend.SyntaxCheckerTest.testDisk(SyntaxCheckerTest.java:340)
	at sun.reflect.NativeMethodAccessorImpl.invoke0(Native Method)
	at sun.reflect.NativeMethodAccessorImpl.invoke(NativeMethodAccessorImpl.java:62)
	at sun.reflect.DelegatingMethodAccessorImpl.invoke(DelegatingMethodAccessorImpl.java:43)
	at java.lang.reflect.Method.invoke(Method.java:498)
	at org.junit.runners.model.FrameworkMethod$1.runReflectiveCall(FrameworkMethod.java:50)
	at org.junit.internal.runners.model.ReflectiveCallable.run(ReflectiveCallable.java:12)
	at org.junit.runners.model.FrameworkMethod.invokeExplosively(FrameworkMethod.java:47)
	at org.junit.internal.runners.statements.InvokeMethod.evaluate(InvokeMethod.java:17)
	at org.junit.internal.runners.statements.RunBefores.evaluate(RunBefores.java:26)
	at org.junit.rules.TestWatcher$1.evaluate(TestWatcher.java:55)
	at org.junit.rules.RunRules.evaluate(RunRules.java:20)
	at org.junit.runners.ParentRunner.runLeaf(ParentRunner.java:325)
	at org.junit.runners.BlockJUnit4ClassRunner.runChild(BlockJUnit4ClassRunner.java:78)
	at org.junit.runners.BlockJUnit4ClassRunner.runChild(BlockJUnit4ClassRunner.java:57)
	at org.junit.runners.ParentRunner$3.run(ParentRunner.java:290)
	at org.junit.runners.ParentRunner$1.schedule(ParentRunner.java:71)
	at org.junit.runners.ParentRunner.runChildren(ParentRunner.java:288)
	at org.junit.runners.ParentRunner.access$000(ParentRunner.java:58)
	at org.junit.runners.ParentRunner$2.evaluate(ParentRunner.java:268)
	at org.junit.runners.ParentRunner.run(ParentRunner.java:363)
	at org.apache.maven.surefire.junit4.JUnit4Provider.execute(JUnit4Provider.java:252)
	at org.apache.maven.surefire.junit4.JUnit4Provider.executeTestSet(JUnit4Provider.java:141)
	at org.apache.maven.surefire.junit4.JUnit4Provider.invoke(JUnit4Provider.java:112)
	at sun.reflect.NativeMethodAccessorImpl.invoke0(Native Method)
	at sun.reflect.NativeMethodAccessorImpl.invoke(NativeMethodAccessorImpl.java:62)
	at sun.reflect.DelegatingMethodAccessorImpl.invoke(DelegatingMethodAccessorImpl.java:43)
	at java.lang.reflect.Method.invoke(Method.java:498)
	at org.apache.maven.surefire.util.ReflectionUtils.invokeMethodWithArray(ReflectionUtils.java:189)
	at org.apache.maven.surefire.booter.ProviderFactory$ProviderProxy.invoke(ProviderFactory.java:165)
	at org.apache.maven.surefire.booter.ProviderFactory.invokeProvider(ProviderFactory.java:85)
	at org.apache.maven.surefire.booter.ForkedBooter.runSuitesInProcess(ForkedBooter.java:115)
	at org.apache.maven.surefire.booter.ForkedBooter.main(ForkedBooter.java:75)

testHost(org.ovirt.engine.core.searchbackend.SyntaxCheckerTest)  Time elapsed: 22 sec  <<< FAILURE!
org.junit.ComparisonFailure: expected:<... FROM  vds   WHERE  [vds.vds_name LIKE test1] )  ORDER BY usage_c...> but was:<... FROM  vds   WHERE  [(vds.vds_name IS NULL OR vds.vds_name LIKE test1)] )  ORDER BY usage_c...>
	at org.junit.Assert.assertEquals(Assert.java:115)
	at org.junit.Assert.assertEquals(Assert.java:144)
	at org.ovirt.engine.core.searchbackend.SyntaxCheckerTest.testValidSql(SyntaxCheckerTest.java:464)
	at org.ovirt.engine.core.searchbackend.SyntaxCheckerTest.testHost(SyntaxCheckerTest.java:114)
	at sun.reflect.NativeMethodAccessorImpl.invoke0(Native Method)
	at sun.reflect.NativeMethodAccessorImpl.invoke(NativeMethodAccessorImpl.java:62)
	at sun.reflect.DelegatingMethodAccessorImpl.invoke(DelegatingMethodAccessorImpl.java:43)
	at java.lang.reflect.Method.invoke(Method.java:498)
	at org.junit.runners.model.FrameworkMethod$1.runReflectiveCall(FrameworkMethod.java:50)
	at org.junit.internal.runners.model.ReflectiveCallable.run(ReflectiveCallable.java:12)
	at org.junit.runners.model.FrameworkMethod.invokeExplosively(FrameworkMethod.java:47)
	at org.junit.internal.runners.statements.InvokeMethod.evaluate(InvokeMethod.java:17)
	at org.junit.internal.runners.statements.RunBefores.evaluate(RunBefores.java:26)
	at org.junit.rules.TestWatcher$1.evaluate(TestWatcher.java:55)
	at org.junit.rules.RunRules.evaluate(RunRules.java:20)
	at org.junit.runners.ParentRunner.runLeaf(ParentRunner.java:325)
	at org.junit.runners.BlockJUnit4ClassRunner.runChild(BlockJUnit4ClassRunner.java:78)
	at org.junit.runners.BlockJUnit4ClassRunner.runChild(BlockJUnit4ClassRunner.java:57)
	at org.junit.runners.ParentRunner$3.run(ParentRunner.java:290)
	at org.junit.runners.ParentRunner$1.schedule(ParentRunner.java:71)
	at org.junit.runners.ParentRunner.runChildren(ParentRunner.java:288)
	at org.junit.runners.ParentRunner.access$000(ParentRunner.java:58)
	at org.junit.runners.ParentRunner$2.evaluate(ParentRunner.java:268)
	at org.junit.runners.ParentRunner.run(ParentRunner.java:363)
	at org.apache.maven.surefire.junit4.JUnit4Provider.execute(JUnit4Provider.java:252)
	at org.apache.maven.surefire.junit4.JUnit4Provider.executeTestSet(JUnit4Provider.java:141)
	at org.apache.maven.surefire.junit4.JUnit4Provider.invoke(JUnit4Provider.java:112)
	at sun.reflect.NativeMethodAccessorImpl.invoke0(Native Method)
	at sun.reflect.NativeMethodAccessorImpl.invoke(NativeMethodAccessorImpl.java:62)
	at sun.reflect.DelegatingMethodAccessorImpl.invoke(DelegatingMethodAccessorImpl.java:43)
	at java.lang.reflect.Method.invoke(Method.java:498)
	at org.apache.maven.surefire.util.ReflectionUtils.invokeMethodWithArray(ReflectionUtils.java:189)
	at org.apache.maven.surefire.booter.ProviderFactory$ProviderProxy.invoke(ProviderFactory.java:165)
	at org.apache.maven.surefire.booter.ProviderFactory.invokeProvider(ProviderFactory.java:85)
	at org.apache.maven.surefire.booter.ForkedBooter.runSuitesInProcess(ForkedBooter.java:115)
	at org.apache.maven.surefire.booter.ForkedBooter.main(ForkedBooter.java:75)

testUser(org.ovirt.engine.core.searchbackend.SyntaxCheckerTest)  Time elapsed: 8 sec  <<< FAILURE!
org.junit.ComparisonFailure: expected:<...gs.vds_id    WHERE  [vds_with_tags.vds_name LIKE host1] ))  ORDER BY name A...> but was:<...gs.vds_id    WHERE  [(vds_with_tags.vds_name IS NULL OR vds_with_tags.vds_name LIKE host1)] ))  ORDER BY name A...>
	at org.junit.Assert.assertEquals(Assert.java:115)
	at org.junit.Assert.assertEquals(Assert.java:144)
	at org.ovirt.engine.core.searchbackend.SyntaxCheckerTest.testValidSql(SyntaxCheckerTest.java:464)
	at org.ovirt.engine.core.searchbackend.SyntaxCheckerTest.testUser(SyntaxCheckerTest.java:250)
	at sun.reflect.NativeMethodAccessorImpl.invoke0(Native Method)
	at sun.reflect.NativeMethodAccessorImpl.invoke(NativeMethodAccessorImpl.java:62)
	at sun.reflect.DelegatingMethodAccessorImpl.invoke(DelegatingMethodAccessorImpl.java:43)
	at java.lang.reflect.Method.invoke(Method.java:498)
	at org.junit.runners.model.FrameworkMethod$1.runReflectiveCall(FrameworkMethod.java:50)
	at org.junit.internal.runners.model.ReflectiveCallable.run(ReflectiveCallable.java:12)
	at org.junit.runners.model.FrameworkMethod.invokeExplosively(FrameworkMethod.java:47)
	at org.junit.internal.runners.statements.InvokeMethod.evaluate(InvokeMethod.java:17)
	at org.junit.internal.runners.statements.RunBefores.evaluate(RunBefores.java:26)
	at org.junit.rules.TestWatcher$1.evaluate(TestWatcher.java:55)
	at org.junit.rules.RunRules.evaluate(RunRules.java:20)
	at org.junit.runners.ParentRunner.runLeaf(ParentRunner.java:325)
	at org.junit.runners.BlockJUnit4ClassRunner.runChild(BlockJUnit4ClassRunner.java:78)
	at org.junit.runners.BlockJUnit4ClassRunner.runChild(BlockJUnit4ClassRunner.java:57)
	at org.junit.runners.ParentRunner$3.run(ParentRunner.java:290)
	at org.junit.runners.ParentRunner$1.schedule(ParentRunner.java:71)
	at org.junit.runners.ParentRunner.runChildren(ParentRunner.java:288)
	at org.junit.runners.ParentRunner.access$000(ParentRunner.java:58)
	at org.junit.runners.ParentRunner$2.evaluate(ParentRunner.java:268)
	at org.junit.runners.ParentRunner.run(ParentRunner.java:363)
	at org.apache.maven.surefire.junit4.JUnit4Provider.execute(JUnit4Provider.java:252)
	at org.apache.maven.surefire.junit4.JUnit4Provider.executeTestSet(JUnit4Provider.java:141)
	at org.apache.maven.surefire.junit4.JUnit4Provider.invoke(JUnit4Provider.java:112)
	at sun.reflect.NativeMethodAccessorImpl.invoke0(Native Method)
	at sun.reflect.NativeMethodAccessorImpl.invoke(NativeMethodAccessorImpl.java:62)
	at sun.reflect.DelegatingMethodAccessorImpl.invoke(DelegatingMethodAccessorImpl.java:43)
	at java.lang.reflect.Method.invoke(Method.java:498)
	at org.apache.maven.surefire.util.ReflectionUtils.invokeMethodWithArray(ReflectionUtils.java:189)
	at org.apache.maven.surefire.booter.ProviderFactory$ProviderProxy.invoke(ProviderFactory.java:165)
	at org.apache.maven.surefire.booter.ProviderFactory.invokeProvider(ProviderFactory.java:85)
	at org.apache.maven.surefire.booter.ForkedBooter.runSuitesInProcess(ForkedBooter.java:115)
	at org.apache.maven.surefire.booter.ForkedBooter.main(ForkedBooter.java:75)

testTemplateUsersUserName(org.ovirt.engine.core.searchbackend.SyntaxCheckerTest)  Time elapsed: 6 sec  <<< FAILURE!
org.junit.ComparisonFailure: expected:<...s.vm_guid    WHERE  [vdc_users_with_tags.username LIKE %] )  ORDER BY name AS...> but was:<...s.vm_guid    WHERE  [(vdc_users_with_tags.username IS NULL OR vdc_users_with_tags.username LIKE %)] )  ORDER BY name AS...>
	at org.junit.Assert.assertEquals(Assert.java:115)
	at org.junit.Assert.assertEquals(Assert.java:144)
	at org.ovirt.engine.core.searchbackend.SyntaxCheckerTest.testValidSql(SyntaxCheckerTest.java:464)
	at org.ovirt.engine.core.searchbackend.SyntaxCheckerTest.testTemplateUsersUserName(SyntaxCheckerTest.java:235)
	at sun.reflect.NativeMethodAccessorImpl.invoke0(Native Method)
	at sun.reflect.NativeMethodAccessorImpl.invoke(NativeMethodAccessorImpl.java:62)
	at sun.reflect.DelegatingMethodAccessorImpl.invoke(DelegatingMethodAccessorImpl.java:43)
	at java.lang.reflect.Method.invoke(Method.java:498)
	at org.junit.runners.model.FrameworkMethod$1.runReflectiveCall(FrameworkMethod.java:50)
	at org.junit.internal.runners.model.ReflectiveCallable.run(ReflectiveCallable.java:12)
	at org.junit.runners.model.FrameworkMethod.invokeExplosively(FrameworkMethod.java:47)
	at org.junit.internal.runners.statements.InvokeMethod.evaluate(InvokeMethod.java:17)
	at org.junit.internal.runners.statements.RunBefores.evaluate(RunBefores.java:26)
	at org.junit.rules.TestWatcher$1.evaluate(TestWatcher.java:55)
	at org.junit.rules.RunRules.evaluate(RunRules.java:20)
	at org.junit.runners.ParentRunner.runLeaf(ParentRunner.java:325)
	at org.junit.runners.BlockJUnit4ClassRunner.runChild(BlockJUnit4ClassRunner.java:78)
	at org.junit.runners.BlockJUnit4ClassRunner.runChild(BlockJUnit4ClassRunner.java:57)
	at org.junit.runners.ParentRunner$3.run(ParentRunner.java:290)
	at org.junit.runners.ParentRunner$1.schedule(ParentRunner.java:71)
	at org.junit.runners.ParentRunner.runChildren(ParentRunner.java:288)
	at org.junit.runners.ParentRunner.access$000(ParentRunner.java:58)
	at org.junit.runners.ParentRunner$2.evaluate(ParentRunner.java:268)
	at org.junit.runners.ParentRunner.run(ParentRunner.java:363)
	at org.apache.maven.surefire.junit4.JUnit4Provider.execute(JUnit4Provider.java:252)
	at org.apache.maven.surefire.junit4.JUnit4Provider.executeTestSet(JUnit4Provider.java:141)
	at org.apache.maven.surefire.junit4.JUnit4Provider.invoke(JUnit4Provider.java:112)
	at sun.reflect.NativeMethodAccessorImpl.invoke0(Native Method)
	at sun.reflect.NativeMethodAccessorImpl.invoke(NativeMethodAccessorImpl.java:62)
	at sun.reflect.DelegatingMethodAccessorImpl.invoke(DelegatingMethodAccessorImpl.java:43)
	at java.lang.reflect.Method.invoke(Method.java:498)
	at org.apache.maven.surefire.util.ReflectionUtils.invokeMethodWithArray(ReflectionUtils.java:189)
	at org.apache.maven.surefire.booter.ProviderFactory$ProviderProxy.invoke(ProviderFactory.java:165)
	at org.apache.maven.surefire.booter.ProviderFactory.invokeProvider(ProviderFactory.java:85)
	at org.apache.maven.surefire.booter.ForkedBooter.runSuitesInProcess(ForkedBooter.java:115)
	at org.apache.maven.surefire.booter.ForkedBooter.main(ForkedBooter.java:75)

testVm(org.ovirt.engine.core.searchbackend.SyntaxCheckerTest)  Time elapsed: 19 sec  <<< FAILURE!
org.junit.ComparisonFailure: expected:<...s.vm_guid    WHERE  [vdc_users_with_tags.name LIKE user1] )  ORDER BY vm_name...> but was:<...s.vm_guid    WHERE  [(vdc_users_with_tags.name IS NULL OR vdc_users_with_tags.name LIKE user1)] )  ORDER BY vm_name...>
	at org.junit.Assert.assertEquals(Assert.java:115)
	at org.junit.Assert.assertEquals(Assert.java:144)
	at org.ovirt.engine.core.searchbackend.SyntaxCheckerTest.testValidSql(SyntaxCheckerTest.java:464)
	at org.ovirt.engine.core.searchbackend.SyntaxCheckerTest.testVm(SyntaxCheckerTest.java:172)
	at sun.reflect.NativeMethodAccessorImpl.invoke0(Native Method)
	at sun.reflect.NativeMethodAccessorImpl.invoke(NativeMethodAccessorImpl.java:62)
	at sun.reflect.DelegatingMethodAccessorImpl.invoke(DelegatingMethodAccessorImpl.java:43)
	at java.lang.reflect.Method.invoke(Method.java:498)
	at org.junit.runners.model.FrameworkMethod$1.runReflectiveCall(FrameworkMethod.java:50)
	at org.junit.internal.runners.model.ReflectiveCallable.run(ReflectiveCallable.java:12)
	at org.junit.runners.model.FrameworkMethod.invokeExplosively(FrameworkMethod.java:47)
	at org.junit.internal.runners.statements.InvokeMethod.evaluate(InvokeMethod.java:17)
	at org.junit.internal.runners.statements.RunBefores.evaluate(RunBefores.java:26)
	at org.junit.rules.TestWatcher$1.evaluate(TestWatcher.java:55)
	at org.junit.rules.RunRules.evaluate(RunRules.java:20)
	at org.junit.runners.ParentRunner.runLeaf(ParentRunner.java:325)
	at org.junit.runners.BlockJUnit4ClassRunner.runChild(BlockJUnit4ClassRunner.java:78)
	at org.junit.runners.BlockJUnit4ClassRunner.runChild(BlockJUnit4ClassRunner.java:57)
	at org.junit.runners.ParentRunner$3.run(ParentRunner.java:290)
	at org.junit.runners.ParentRunner$1.schedule(ParentRunner.java:71)
	at org.junit.runners.ParentRunner.runChildren(ParentRunner.java:288)
	at org.junit.runners.ParentRunner.access$000(ParentRunner.java:58)
	at org.junit.runners.ParentRunner$2.evaluate(ParentRunner.java:268)
	at org.junit.runners.ParentRunner.run(ParentRunner.java:363)
	at org.apache.maven.surefire.junit4.JUnit4Provider.execute(JUnit4Provider.java:252)
	at org.apache.maven.surefire.junit4.JUnit4Provider.executeTestSet(JUnit4Provider.java:141)
	at org.apache.maven.surefire.junit4.JUnit4Provider.invoke(JUnit4Provider.java:112)
	at sun.reflect.NativeMethodAccessorImpl.invoke0(Native Method)
	at sun.reflect.NativeMethodAccessorImpl.invoke(NativeMethodAccessorImpl.java:62)
	at sun.reflect.DelegatingMethodAccessorImpl.invoke(DelegatingMethodAccessorImpl.java:43)
	at java.lang.reflect.Method.invoke(Method.java:498)
	at org.apache.maven.surefire.util.ReflectionUtils.invokeMethodWithArray(ReflectionUtils.java:189)
	at org.apache.maven.surefire.booter.ProviderFactory$ProviderProxy.invoke(ProviderFactory.java:165)
	at org.apache.maven.surefire.booter.ProviderFactory.invokeProvider(ProviderFactory.java:85)
	at org.apache.maven.surefire.booter.ForkedBooter.runSuitesInProcess(ForkedBooter.java:115)
	at org.apache.maven.surefire.booter.ForkedBooter.main(ForkedBooter.java:75)

testTemplate(org.ovirt.engine.core.searchbackend.SyntaxCheckerTest)  Time elapsed: 5 sec  <<< FAILURE!
org.junit.ComparisonFailure: expected:<...gs.vds_id    WHERE  [vds_with_tags.vds_name LIKE fake1] )  ORDER BY name AS...> but was:<...gs.vds_id    WHERE  [(vds_with_tags.vds_name IS NULL OR vds_with_tags.vds_name LIKE fake1)] )  ORDER BY name AS...>
	at org.junit.Assert.assertEquals(Assert.java:115)
	at org.junit.Assert.assertEquals(Assert.java:144)
	at org.ovirt.engine.core.searchbackend.SyntaxCheckerTest.testValidSql(SyntaxCheckerTest.java:464)
	at org.ovirt.engine.core.searchbackend.SyntaxCheckerTest.testTemplate(SyntaxCheckerTest.java:221)
	at sun.reflect.NativeMethodAccessorImpl.invoke0(Native Method)
	at sun.reflect.NativeMethodAccessorImpl.invoke(NativeMethodAccessorImpl.java:62)
	at sun.reflect.DelegatingMethodAccessorImpl.invoke(DelegatingMethodAccessorImpl.java:43)
	at java.lang.reflect.Method.invoke(Method.java:498)
	at org.junit.runners.model.FrameworkMethod$1.runReflectiveCall(FrameworkMethod.java:50)
	at org.junit.internal.runners.model.ReflectiveCallable.run(ReflectiveCallable.java:12)
	at org.junit.runners.model.FrameworkMethod.invokeExplosively(FrameworkMethod.java:47)
	at org.junit.internal.runners.statements.InvokeMethod.evaluate(InvokeMethod.java:17)
	at org.junit.internal.runners.statements.RunBefores.evaluate(RunBefores.java:26)
	at org.junit.rules.TestWatcher$1.evaluate(TestWatcher.java:55)
	at org.junit.rules.RunRules.evaluate(RunRules.java:20)
	at org.junit.runners.ParentRunner.runLeaf(ParentRunner.java:325)
	at org.junit.runners.BlockJUnit4ClassRunner.runChild(BlockJUnit4ClassRunner.java:78)
	at org.junit.runners.BlockJUnit4ClassRunner.runChild(BlockJUnit4ClassRunner.java:57)
	at org.junit.runners.ParentRunner$3.run(ParentRunner.java:290)
	at org.junit.runners.ParentRunner$1.schedule(ParentRunner.java:71)
	at org.junit.runners.ParentRunner.runChildren(ParentRunner.java:288)
	at org.junit.runners.ParentRunner.access$000(ParentRunner.java:58)
	at org.junit.runners.ParentRunner$2.evaluate(ParentRunner.java:268)
	at org.junit.runners.ParentRunner.run(ParentRunner.java:363)
	at org.apache.maven.surefire.junit4.JUnit4Provider.execute(JUnit4Provider.java:252)
	at org.apache.maven.surefire.junit4.JUnit4Provider.executeTestSet(JUnit4Provider.java:141)
	at org.apache.maven.surefire.junit4.JUnit4Provider.invoke(JUnit4Provider.java:112)
	at sun.reflect.NativeMethodAccessorImpl.invoke0(Native Method)
	at sun.reflect.NativeMethodAccessorImpl.invoke(NativeMethodAccessorImpl.java:62)
	at sun.reflect.DelegatingMethodAccessorImpl.invoke(DelegatingMethodAccessorImpl.java:43)
	at java.lang.reflect.Method.invoke(Method.java:498)
	at org.apache.maven.surefire.util.ReflectionUtils.invokeMethodWithArray(ReflectionUtils.java:189)
	at org.apache.maven.surefire.booter.ProviderFactory$ProviderProxy.invoke(ProviderFactory.java:165)
	at org.apache.maven.surefire.booter.ProviderFactory.invokeProvider(ProviderFactory.java:85)
	at org.apache.maven.surefire.booter.ForkedBooter.runSuitesInProcess(ForkedBooter.java:115)
	at org.apache.maven.surefire.booter.ForkedBooter.main(ForkedBooter.java:75)

testProvider(org.ovirt.engine.core.searchbackend.SyntaxCheckerTest)  Time elapsed: 0 sec  <<< FAILURE!
org.junit.ComparisonFailure: expected:<... providers   WHERE  [providers.name LIKE prov1] )  ORDER BY name AS...> but was:<... providers   WHERE  [(providers.name IS NULL OR providers.name LIKE prov1)] )  ORDER BY name AS...>
	at org.junit.Assert.assertEquals(Assert.java:115)
	at org.junit.Assert.assertEquals(Assert.java:144)
	at org.ovirt.engine.core.searchbackend.SyntaxCheckerTest.testValidSql(SyntaxCheckerTest.java:464)
	at org.ovirt.engine.core.searchbackend.SyntaxCheckerTest.testProvider(SyntaxCheckerTest.java:414)
	at sun.reflect.NativeMethodAccessorImpl.invoke0(Native Method)
	at sun.reflect.NativeMethodAccessorImpl.invoke(NativeMethodAccessorImpl.java:62)
	at sun.reflect.DelegatingMethodAccessorImpl.invoke(DelegatingMethodAccessorImpl.java:43)
	at java.lang.reflect.Method.invoke(Method.java:498)
	at org.junit.runners.model.FrameworkMethod$1.runReflectiveCall(FrameworkMethod.java:50)
	at org.junit.internal.runners.model.ReflectiveCallable.run(ReflectiveCallable.java:12)
	at org.junit.runners.model.FrameworkMethod.invokeExplosively(FrameworkMethod.java:47)
	at org.junit.internal.runners.statements.InvokeMethod.evaluate(InvokeMethod.java:17)
	at org.junit.internal.runners.statements.RunBefores.evaluate(RunBefores.java:26)
	at org.junit.rules.TestWatcher$1.evaluate(TestWatcher.java:55)
	at org.junit.rules.RunRules.evaluate(RunRules.java:20)
	at org.junit.runners.ParentRunner.runLeaf(ParentRunner.java:325)
	at org.junit.runners.BlockJUnit4ClassRunner.runChild(BlockJUnit4ClassRunner.java:78)
	at org.junit.runners.BlockJUnit4ClassRunner.runChild(BlockJUnit4ClassRunner.java:57)
	at org.junit.runners.ParentRunner$3.run(ParentRunner.java:290)
	at org.junit.runners.ParentRunner$1.schedule(ParentRunner.java:71)
	at org.junit.runners.ParentRunner.runChildren(ParentRunner.java:288)
	at org.junit.runners.ParentRunner.access$000(ParentRunner.java:58)
	at org.junit.runners.ParentRunner$2.evaluate(ParentRunner.java:268)
	at org.junit.runners.ParentRunner.run(ParentRunner.java:363)
	at org.apache.maven.surefire.junit4.JUnit4Provider.execute(JUnit4Provider.java:252)
	at org.apache.maven.surefire.junit4.JUnit4Provider.executeTestSet(JUnit4Provider.java:141)
	at org.apache.maven.surefire.junit4.JUnit4Provider.invoke(JUnit4Provider.java:112)
	at sun.reflect.NativeMethodAccessorImpl.invoke0(Native Method)
	at sun.reflect.NativeMethodAccessorImpl.invoke(NativeMethodAccessorImpl.java:62)
	at sun.reflect.DelegatingMethodAccessorImpl.invoke(DelegatingMethodAccessorImpl.java:43)
	at java.lang.reflect.Method.invoke(Method.java:498)
	at org.apache.maven.surefire.util.ReflectionUtils.invokeMethodWithArray(ReflectionUtils.java:189)
	at org.apache.maven.surefire.booter.ProviderFactory$ProviderProxy.invoke(ProviderFactory.java:165)
	at org.apache.maven.surefire.booter.ProviderFactory.invokeProvider(ProviderFactory.java:85)
	at org.apache.maven.surefire.booter.ForkedBooter.runSuitesInProcess(ForkedBooter.java:115)
	at org.apache.maven.surefire.booter.ForkedBooter.main(ForkedBooter.java:75)

testCluster(org.ovirt.engine.core.searchbackend.SyntaxCheckerTest)  Time elapsed: 7 sec  <<< FAILURE!
org.junit.ComparisonFailure: expected:<...s_view.id    WHERE  [storage_domains_with_hosts_view.storage_name LIKE 111] ))  ORDER BY name A...> but was:<...s_view.id    WHERE  [(storage_domains_with_hosts_view.storage_name IS NULL OR storage_domains_with_hosts_view.storage_name LIKE 111)] ))  ORDER BY name A...>
	at org.junit.Assert.assertEquals(Assert.java:115)
	at org.junit.Assert.assertEquals(Assert.java:144)
	at org.ovirt.engine.core.searchbackend.SyntaxCheckerTest.testValidSql(SyntaxCheckerTest.java:464)
	at org.ovirt.engine.core.searchbackend.SyntaxCheckerTest.testCluster(SyntaxCheckerTest.java:293)
	at sun.reflect.NativeMethodAccessorImpl.invoke0(Native Method)
	at sun.reflect.NativeMethodAccessorImpl.invoke(NativeMethodAccessorImpl.java:62)
	at sun.reflect.DelegatingMethodAccessorImpl.invoke(DelegatingMethodAccessorImpl.java:43)
	at java.lang.reflect.Method.invoke(Method.java:498)
	at org.junit.runners.model.FrameworkMethod$1.runReflectiveCall(FrameworkMethod.java:50)
	at org.junit.internal.runners.model.ReflectiveCallable.run(ReflectiveCallable.java:12)
	at org.junit.runners.model.FrameworkMethod.invokeExplosively(FrameworkMethod.java:47)
	at org.junit.internal.runners.statements.InvokeMethod.evaluate(InvokeMethod.java:17)
	at org.junit.internal.runners.statements.RunBefores.evaluate(RunBefores.java:26)
	at org.junit.rules.TestWatcher$1.evaluate(TestWatcher.java:55)
	at org.junit.rules.RunRules.evaluate(RunRules.java:20)
	at org.junit.runners.ParentRunner.runLeaf(ParentRunner.java:325)
	at org.junit.runners.BlockJUnit4ClassRunner.runChild(BlockJUnit4ClassRunner.java:78)
	at org.junit.runners.BlockJUnit4ClassRunner.runChild(BlockJUnit4ClassRunner.java:57)
	at org.junit.runners.ParentRunner$3.run(ParentRunner.java:290)
	at org.junit.runners.ParentRunner$1.schedule(ParentRunner.java:71)
	at org.junit.runners.ParentRunner.runChildren(ParentRunner.java:288)
	at org.junit.runners.ParentRunner.access$000(ParentRunner.java:58)
	at org.junit.runners.ParentRunner$2.evaluate(ParentRunner.java:268)
	at org.junit.runners.ParentRunner.run(ParentRunner.java:363)
	at org.apache.maven.surefire.junit4.JUnit4Provider.execute(JUnit4Provider.java:252)
	at org.apache.maven.surefire.junit4.JUnit4Provider.executeTestSet(JUnit4Provider.java:141)
	at org.apache.maven.surefire.junit4.JUnit4Provider.invoke(JUnit4Provider.java:112)
	at sun.reflect.NativeMethodAccessorImpl.invoke0(Native Method)
	at sun.reflect.NativeMethodAccessorImpl.invoke(NativeMethodAccessorImpl.java:62)
	at sun.reflect.DelegatingMethodAccessorImpl.invoke(DelegatingMethodAccessorImpl.java:43)
	at java.lang.reflect.Method.invoke(Method.java:498)
	at org.apache.maven.surefire.util.ReflectionUtils.invokeMethodWithArray(ReflectionUtils.java:189)
	at org.apache.maven.surefire.booter.ProviderFactory$ProviderProxy.invoke(ProviderFactory.java:165)
	at org.apache.maven.surefire.booter.ProviderFactory.invokeProvider(ProviderFactory.java:85)
	at org.apache.maven.surefire.booter.ForkedBooter.runSuitesInProcess(ForkedBooter.java:115)
	at org.apache.maven.surefire.booter.ForkedBooter.main(ForkedBooter.java:75)

testDatacenter(org.ovirt.engine.core.searchbackend.SyntaxCheckerTest)  Time elapsed: 4 sec  <<< FAILURE!
org.junit.ComparisonFailure: expected:<...e_pool_id    WHERE  [cluster_storage_domain.name LIKE Default] )  ORDER BY name AS...> but was:<...e_pool_id    WHERE  [(cluster_storage_domain.name IS NULL OR cluster_storage_domain.name LIKE Default)] )  ORDER BY name AS...>
	at org.junit.Assert.assertEquals(Assert.java:115)
	at org.junit.Assert.assertEquals(Assert.java:144)
	at org.ovirt.engine.core.searchbackend.SyntaxCheckerTest.testValidSql(SyntaxCheckerTest.java:464)
	at org.ovirt.engine.core.searchbackend.SyntaxCheckerTest.testDatacenter(SyntaxCheckerTest.java:313)
	at sun.reflect.NativeMethodAccessorImpl.invoke0(Native Method)
	at sun.reflect.NativeMethodAccessorImpl.invoke(NativeMethodAccessorImpl.java:62)
	at sun.reflect.DelegatingMethodAccessorImpl.invoke(DelegatingMethodAccessorImpl.java:43)
	at java.lang.reflect.Method.invoke(Method.java:498)
	at org.junit.runners.model.FrameworkMethod$1.runReflectiveCall(FrameworkMethod.java:50)
	at org.junit.internal.runners.model.ReflectiveCallable.run(ReflectiveCallable.java:12)
	at org.junit.runners.model.FrameworkMethod.invokeExplosively(FrameworkMethod.java:47)
	at org.junit.internal.runners.statements.InvokeMethod.evaluate(InvokeMethod.java:17)
	at org.junit.internal.runners.statements.RunBefores.evaluate(RunBefores.java:26)
	at org.junit.rules.TestWatcher$1.evaluate(TestWatcher.java:55)
	at org.junit.rules.RunRules.evaluate(RunRules.java:20)
	at org.junit.runners.ParentRunner.runLeaf(ParentRunner.java:325)
	at org.junit.runners.BlockJUnit4ClassRunner.runChild(BlockJUnit4ClassRunner.java:78)
	at org.junit.runners.BlockJUnit4ClassRunner.runChild(BlockJUnit4ClassRunner.java:57)
	at org.junit.runners.ParentRunner$3.run(ParentRunner.java:290)
	at org.junit.runners.ParentRunner$1.schedule(ParentRunner.java:71)
	at org.junit.runners.ParentRunner.runChildren(ParentRunner.java:288)
	at org.junit.runners.ParentRunner.access$000(ParentRunner.java:58)
	at org.junit.runners.ParentRunner$2.evaluate(ParentRunner.java:268)
	at org.junit.runners.ParentRunner.run(ParentRunner.java:363)
	at org.apache.maven.surefire.junit4.JUnit4Provider.execute(JUnit4Provider.java:252)
	at org.apache.maven.surefire.junit4.JUnit4Provider.executeTestSet(JUnit4Provider.java:141)
	at org.apache.maven.surefire.junit4.JUnit4Provider.invoke(JUnit4Provider.java:112)
	at sun.reflect.NativeMethodAccessorImpl.invoke0(Native Method)
	at sun.reflect.NativeMethodAccessorImpl.invoke(NativeMethodAccessorImpl.java:62)
	at sun.reflect.DelegatingMethodAccessorImpl.invoke(DelegatingMethodAccessorImpl.java:43)
	at java.lang.reflect.Method.invoke(Method.java:498)
	at org.apache.maven.surefire.util.ReflectionUtils.invokeMethodWithArray(ReflectionUtils.java:189)
	at org.apache.maven.surefire.booter.ProviderFactory$ProviderProxy.invoke(ProviderFactory.java:165)
	at org.apache.maven.surefire.booter.ProviderFactory.invokeProvider(ProviderFactory.java:85)
	at org.apache.maven.surefire.booter.ForkedBooter.runSuitesInProcess(ForkedBooter.java:115)
	at org.apache.maven.surefire.booter.ForkedBooter.main(ForkedBooter.java:75)

testNetwork(org.ovirt.engine.core.searchbackend.SyntaxCheckerTest)  Time elapsed: 4 sec  <<< FAILURE!
org.junit.ComparisonFailure: expected:<...work_id    WHERE (  [network_cluster_view.network_name LIKE cluster1  AND  network_view.name LIKE network1]  ))  ORDER BY stora...> but was:<...work_id    WHERE (  [(network_cluster_view.network_name IS NULL OR network_cluster_view.network_name LIKE cluster1)  AND  (network_view.name IS NULL OR network_view.name LIKE network1)]  ))  ORDER BY stora...>
	at org.junit.Assert.assertEquals(Assert.java:115)
	at org.junit.Assert.assertEquals(Assert.java:144)
	at org.ovirt.engine.core.searchbackend.SyntaxCheckerTest.testValidSql(SyntaxCheckerTest.java:464)
	at org.ovirt.engine.core.searchbackend.SyntaxCheckerTest.testNetwork(SyntaxCheckerTest.java:391)
	at sun.reflect.NativeMethodAccessorImpl.invoke0(Native Method)
	at sun.reflect.NativeMethodAccessorImpl.invoke(NativeMethodAccessorImpl.java:62)
	at sun.reflect.DelegatingMethodAccessorImpl.invoke(DelegatingMethodAccessorImpl.java:43)
	at java.lang.reflect.Method.invoke(Method.java:498)
	at org.junit.runners.model.FrameworkMethod$1.runReflectiveCall(FrameworkMethod.java:50)
	at org.junit.internal.runners.model.ReflectiveCallable.run(ReflectiveCallable.java:12)
	at org.junit.runners.model.FrameworkMethod.invokeExplosively(FrameworkMethod.java:47)
	at org.junit.internal.runners.statements.InvokeMethod.evaluate(InvokeMethod.java:17)
	at org.junit.internal.runners.statements.RunBefores.evaluate(RunBefores.java:26)
	at org.junit.rules.TestWatcher$1.evaluate(TestWatcher.java:55)
	at org.junit.rules.RunRules.evaluate(RunRules.java:20)
	at org.junit.runners.ParentRunner.runLeaf(ParentRunner.java:325)
	at org.junit.runners.BlockJUnit4ClassRunner.runChild(BlockJUnit4ClassRunner.java:78)
	at org.junit.runners.BlockJUnit4ClassRunner.runChild(BlockJUnit4ClassRunner.java:57)
	at org.junit.runners.ParentRunner$3.run(ParentRunner.java:290)
	at org.junit.runners.ParentRunner$1.schedule(ParentRunner.java:71)
	at org.junit.runners.ParentRunner.runChildren(ParentRunner.java:288)
	at org.junit.runners.ParentRunner.access$000(ParentRunner.java:58)
	at org.junit.runners.ParentRunner$2.evaluate(ParentRunner.java:268)
	at org.junit.runners.ParentRunner.run(ParentRunner.java:363)
	at org.apache.maven.surefire.junit4.JUnit4Provider.execute(JUnit4Provider.java:252)
	at org.apache.maven.surefire.junit4.JUnit4Provider.executeTestSet(JUnit4Provider.java:141)
	at org.apache.maven.surefire.junit4.JUnit4Provider.invoke(JUnit4Provider.java:112)
	at sun.reflect.NativeMethodAccessorImpl.invoke0(Native Method)
	at sun.reflect.NativeMethodAccessorImpl.invoke(NativeMethodAccessorImpl.java:62)
	at sun.reflect.DelegatingMethodAccessorImpl.invoke(DelegatingMethodAccessorImpl.java:43)
	at java.lang.reflect.Method.invoke(Method.java:498)
	at org.apache.maven.surefire.util.ReflectionUtils.invokeMethodWithArray(ReflectionUtils.java:189)
	at org.apache.maven.surefire.booter.ProviderFactory$ProviderProxy.invoke(ProviderFactory.java:165)
	at org.apache.maven.surefire.booter.ProviderFactory.invokeProvider(ProviderFactory.java:85)
	at org.apache.maven.surefire.booter.ForkedBooter.runSuitesInProcess(ForkedBooter.java:115)
	at org.apache.maven.surefire.booter.ForkedBooter.main(ForkedBooter.java:75)

testVolume(org.ovirt.engine.core.searchbackend.SyntaxCheckerTest)  Time elapsed: 19 sec  <<< FAILURE!
org.junit.ComparisonFailure: expected:<...lumes_view   WHERE  [gluster_volumes_view.vol_name LIKE volume1] )  ORDER BY vol_nam...> but was:<...lumes_view   WHERE  [(gluster_volumes_view.vol_name IS NULL OR gluster_volumes_view.vol_name LIKE volume1)] )  ORDER BY vol_nam...>
	at org.junit.Assert.assertEquals(Assert.java:115)
	at org.junit.Assert.assertEquals(Assert.java:144)
	at org.ovirt.engine.core.searchbackend.SyntaxCheckerTest.testValidSql(SyntaxCheckerTest.java:464)
	at org.ovirt.engine.core.searchbackend.SyntaxCheckerTest.testVolume(SyntaxCheckerTest.java:357)
	at sun.reflect.NativeMethodAccessorImpl.invoke0(Native Method)
	at sun.reflect.NativeMethodAccessorImpl.invoke(NativeMethodAccessorImpl.java:62)
	at sun.reflect.DelegatingMethodAccessorImpl.invoke(DelegatingMethodAccessorImpl.java:43)
	at java.lang.reflect.Method.invoke(Method.java:498)
	at org.junit.runners.model.FrameworkMethod$1.runReflectiveCall(FrameworkMethod.java:50)
	at org.junit.internal.runners.model.ReflectiveCallable.run(ReflectiveCallable.java:12)
	at org.junit.runners.model.FrameworkMethod.invokeExplosively(FrameworkMethod.java:47)
	at org.junit.internal.runners.statements.InvokeMethod.evaluate(InvokeMethod.java:17)
	at org.junit.internal.runners.statements.RunBefores.evaluate(RunBefores.java:26)
	at org.junit.rules.TestWatcher$1.evaluate(TestWatcher.java:55)
	at org.junit.rules.RunRules.evaluate(RunRules.java:20)
	at org.junit.runners.ParentRunner.runLeaf(ParentRunner.java:325)
	at org.junit.runners.BlockJUnit4ClassRunner.runChild(BlockJUnit4ClassRunner.java:78)
	at org.junit.runners.BlockJUnit4ClassRunner.runChild(BlockJUnit4ClassRunner.java:57)
	at org.junit.runners.ParentRunner$3.run(ParentRunner.java:290)
	at org.junit.runners.ParentRunner$1.schedule(ParentRunner.java:71)
	at org.junit.runners.ParentRunner.runChildren(ParentRunner.java:288)
	at org.junit.runners.ParentRunner.access$000(ParentRunner.java:58)
	at org.junit.runners.ParentRunner$2.evaluate(ParentRunner.java:268)
	at org.junit.runners.ParentRunner.run(ParentRunner.java:363)
	at org.apache.maven.surefire.junit4.JUnit4Provider.execute(JUnit4Provider.java:252)
	at org.apache.maven.surefire.junit4.JUnit4Provider.executeTestSet(JUnit4Provider.java:141)
	at org.apache.maven.surefire.junit4.JUnit4Provider.invoke(JUnit4Provider.java:112)
	at sun.reflect.NativeMethodAccessorImpl.invoke0(Native Method)
	at sun.reflect.NativeMethodAccessorImpl.invoke(NativeMethodAccessorImpl.java:62)
	at sun.reflect.DelegatingMethodAccessorImpl.invoke(DelegatingMethodAccessorImpl.java:43)
	at java.lang.reflect.Method.invoke(Method.java:498)
	at org.apache.maven.surefire.util.ReflectionUtils.invokeMethodWithArray(ReflectionUtils.java:189)
	at org.apache.maven.surefire.booter.ProviderFactory$ProviderProxy.invoke(ProviderFactory.java:165)
	at org.apache.maven.surefire.booter.ProviderFactory.invokeProvider(ProviderFactory.java:85)
	at org.apache.maven.surefire.booter.ForkedBooter.runSuitesInProcess(ForkedBooter.java:115)
	at org.apache.maven.surefire.booter.ForkedBooter.main(ForkedBooter.java:75)

testStorage(org.ovirt.engine.core.searchbackend.SyntaxCheckerTest)  Time elapsed: 4 sec  <<< FAILURE!
org.junit.ComparisonFailure: expected:<...torage_id    WHERE  [vds_with_tags.vds_name LIKE fake1] )  ORDER BY storage...> but was:<...torage_id    WHERE  [(vds_with_tags.vds_name IS NULL OR vds_with_tags.vds_name LIKE fake1)] )  ORDER BY storage...>
	at org.junit.Assert.assertEquals(Assert.java:115)
	at org.junit.Assert.assertEquals(Assert.java:144)
	at org.ovirt.engine.core.searchbackend.SyntaxCheckerTest.testValidSql(SyntaxCheckerTest.java:464)
	at org.ovirt.engine.core.searchbackend.SyntaxCheckerTest.testStorage(SyntaxCheckerTest.java:323)
	at sun.reflect.NativeMethodAccessorImpl.invoke0(Native Method)
	at sun.reflect.NativeMethodAccessorImpl.invoke(NativeMethodAccessorImpl.java:62)
	at sun.reflect.DelegatingMethodAccessorImpl.invoke(DelegatingMethodAccessorImpl.java:43)
	at java.lang.reflect.Method.invoke(Method.java:498)
	at org.junit.runners.model.FrameworkMethod$1.runReflectiveCall(FrameworkMethod.java:50)
	at org.junit.internal.runners.model.ReflectiveCallable.run(ReflectiveCallable.java:12)
	at org.junit.runners.model.FrameworkMethod.invokeExplosively(FrameworkMethod.java:47)
	at org.junit.internal.runners.statements.InvokeMethod.evaluate(InvokeMethod.java:17)
	at org.junit.internal.runners.statements.RunBefores.evaluate(RunBefores.java:26)
	at org.junit.rules.TestWatcher$1.evaluate(TestWatcher.java:55)
	at org.junit.rules.RunRules.evaluate(RunRules.java:20)
	at org.junit.runners.ParentRunner.runLeaf(ParentRunner.java:325)
	at org.junit.runners.BlockJUnit4ClassRunner.runChild(BlockJUnit4ClassRunner.java:78)
	at org.junit.runners.BlockJUnit4ClassRunner.runChild(BlockJUnit4ClassRunner.java:57)
	at org.junit.runners.ParentRunner$3.run(ParentRunner.java:290)
	at org.junit.runners.ParentRunner$1.schedule(ParentRunner.java:71)
	at org.junit.runners.ParentRunner.runChildren(ParentRunner.java:288)
	at org.junit.runners.ParentRunner.access$000(ParentRunner.java:58)
	at org.junit.runners.ParentRunner$2.evaluate(ParentRunner.java:268)
	at org.junit.runners.ParentRunner.run(ParentRunner.java:363)
	at org.apache.maven.surefire.junit4.JUnit4Provider.execute(JUnit4Provider.java:252)
	at org.apache.maven.surefire.junit4.JUnit4Provider.executeTestSet(JUnit4Provider.java:141)
	at org.apache.maven.surefire.junit4.JUnit4Provider.invoke(JUnit4Provider.java:112)
	at sun.reflect.NativeMethodAccessorImpl.invoke0(Native Method)
	at sun.reflect.NativeMethodAccessorImpl.invoke(NativeMethodAccessorImpl.java:62)
	at sun.reflect.DelegatingMethodAccessorImpl.invoke(DelegatingMethodAccessorImpl.java:43)
	at java.lang.reflect.Method.invoke(Method.java:498)
	at org.apache.maven.surefire.util.ReflectionUtils.invokeMethodWithArray(ReflectionUtils.java:189)
	at org.apache.maven.surefire.booter.ProviderFactory$ProviderProxy.invoke(ProviderFactory.java:165)
	at org.apache.maven.surefire.booter.ProviderFactory.invokeProvider(ProviderFactory.java:85)
	at org.apache.maven.surefire.booter.ForkedBooter.runSuitesInProcess(ForkedBooter.java:115)
	at org.apache.maven.surefire.booter.ForkedBooter.main(ForkedBooter.java:75)

Running org.ovirt.engine.core.searchbackend.AdGroupConditionFieldAutoCompleterTest
Tests run: 5, Failures: 0, Errors: 0, Skipped: 1, Time elapsed: 0.001 sec
Running org.ovirt.engine.core.searchbackend.VdsConditionFieldAutoCompleterTest
Tests run: 2, Failures: 0, Errors: 0, Skipped: 0, Time elapsed: 0 sec
Running org.ovirt.engine.core.searchbackend.VmConditionFieldAutoCompleterTest
Tests run: 2, Failures: 0, Errors: 0, Skipped: 0, Time elapsed: 0.001 sec
Running org.ovirt.engine.core.searchbackend.NumericConditionRelationAutoCompleterTest
Tests run: 1, Failures: 0, Errors: 0, Skipped: 0, Time elapsed: 0 sec
Running org.ovirt.engine.core.searchbackend.DateEnumValueAutoCompleterTest
Tests run: 2, Failures: 0, Errors: 0, Skipped: 0, Time elapsed: 0.05 sec
Running org.ovirt.engine.core.searchbackend.BitValueAutoCompleterTest
Tests run: 6, Failures: 0, Errors: 0, Skipped: 0, Time elapsed: 0.001 sec
Running org.ovirt.engine.core.searchbackend.SyntaxCheckerFactoryTest
Tests run: 3, Failures: 0, Errors: 0, Skipped: 0, Time elapsed: 0.001 sec
Running org.ovirt.engine.core.searchbackend.AuditLogConditionFieldAutoCompleterTest
Tests run: 3, Failures: 0, Errors: 0, Skipped: 0, Time elapsed: 0.048 sec
Running org.ovirt.engine.core.searchbackend.ProviderConditionFieldAutoCompleterTest
Tests run: 2, Failures: 0, Errors: 0, Skipped: 0, Time elapsed: 0.015 sec
Running org.ovirt.engine.core.searchbackend.BaseAutoCompleterTest
Tests run: 1, Failures: 0, Errors: 0, Skipped: 0, Time elapsed: 0 sec

Results :

Failed tests:   testVms(org.ovirt.engine.core.searchbackend.SyntaxCheckerTest): expected:<...s_view.id    WHERE  [storage_domains_with_hosts_view.storage_name LIKE 111] ))  ORDER BY vm_nam...> but was:<...s_view.id    WHERE  [(storage_domains_with_hosts_view.storage_name IS NULL OR storage_domains_with_hosts_view.storage_name LIKE 111)] ))  ORDER BY vm_nam...>
  testEvent(org.ovirt.engine.core.searchbackend.SyntaxCheckerTest): expected:<...gs.vds_id    WHERE  [vds_with_tags.vds_name LIKE host1]  AND not deleted)  ...> but was:<...gs.vds_id    WHERE  [(vds_with_tags.vds_name IS NULL OR vds_with_tags.vds_name LIKE host1)]  AND not deleted)  ...>
  testGroup(org.ovirt.engine.core.searchbackend.SyntaxCheckerTest): expected:<... ad_groups   WHERE  [ad_groups.name LIKE group1] )  ORDER BY name AS...> but was:<... ad_groups   WHERE  [(ad_groups.name IS NULL OR ad_groups.name LIKE group1)] )  ORDER BY name AS...>
  testQuota(org.ovirt.engine.core.searchbackend.SyntaxCheckerTest): expected:<...quota_view   WHERE  [quota_view.storage_pool_name LIKE pool] )  ORDER BY quota_n...> but was:<...quota_view   WHERE  [(quota_view.storage_pool_name IS NULL OR quota_view.storage_pool_name LIKE pool)] )  ORDER BY quota_n...>
  testDisk(org.ovirt.engine.core.searchbackend.SyntaxCheckerTest): expected:<... all_disks   WHERE  [all_disks.disk_alias LIKE vm1] )  ORDER BY disk_al...> but was:<... all_disks   WHERE  [(all_disks.disk_alias IS NULL OR all_disks.disk_alias LIKE vm1)] )  ORDER BY disk_al...>
  testHost(org.ovirt.engine.core.searchbackend.SyntaxCheckerTest): expected:<... FROM  vds   WHERE  [vds.vds_name LIKE test1] )  ORDER BY usage_c...> but was:<... FROM  vds   WHERE  [(vds.vds_name IS NULL OR vds.vds_name LIKE test1)] )  ORDER BY usage_c...>
  testUser(org.ovirt.engine.core.searchbackend.SyntaxCheckerTest): expected:<...gs.vds_id    WHERE  [vds_with_tags.vds_name LIKE host1] ))  ORDER BY name A...> but was:<...gs.vds_id    WHERE  [(vds_with_tags.vds_name IS NULL OR vds_with_tags.vds_name LIKE host1)] ))  ORDER BY name A...>
  testTemplateUsersUserName(org.ovirt.engine.core.searchbackend.SyntaxCheckerTest): expected:<...s.vm_guid    WHERE  [vdc_users_with_tags.username LIKE %] )  ORDER BY name AS...> but was:<...s.vm_guid    WHERE  [(vdc_users_with_tags.username IS NULL OR vdc_users_with_tags.username LIKE %)] )  ORDER BY name AS...>
  testVm(org.ovirt.engine.core.searchbackend.SyntaxCheckerTest): expected:<...s.vm_guid    WHERE  [vdc_users_with_tags.name LIKE user1] )  ORDER BY vm_name...> but was:<...s.vm_guid    WHERE  [(vdc_users_with_tags.name IS NULL OR vdc_users_with_tags.name LIKE user1)] )  ORDER BY vm_name...>
  testTemplate(org.ovirt.engine.core.searchbackend.SyntaxCheckerTest): expected:<...gs.vds_id    WHERE  [vds_with_tags.vds_name LIKE fake1] )  ORDER BY name AS...> but was:<...gs.vds_id    WHERE  [(vds_with_tags.vds_name IS NULL OR vds_with_tags.vds_name LIKE fake1)] )  ORDER BY name AS...>
  testProvider(org.ovirt.engine.core.searchbackend.SyntaxCheckerTest): expected:<... providers   WHERE  [providers.name LIKE prov1] )  ORDER BY name AS...> but was:<... providers   WHERE  [(providers.name IS NULL OR providers.name LIKE prov1)] )  ORDER BY name AS...>
  testCluster(org.ovirt.engine.core.searchbackend.SyntaxCheckerTest): expected:<...s_view.id    WHERE  [storage_domains_with_hosts_view.storage_name LIKE 111] ))  ORDER BY name A...> but was:<...s_view.id    WHERE  [(storage_domains_with_hosts_view.storage_name IS NULL OR storage_domains_with_hosts_view.storage_name LIKE 111)] ))  ORDER BY name A...>
  testDatacenter(org.ovirt.engine.core.searchbackend.SyntaxCheckerTest): expected:<...e_pool_id    WHERE  [cluster_storage_domain.name LIKE Default] )  ORDER BY name AS...> but was:<...e_pool_id    WHERE  [(cluster_storage_domain.name IS NULL OR cluster_storage_domain.name LIKE Default)] )  ORDER BY name AS...>
  testNetwork(org.ovirt.engine.core.searchbackend.SyntaxCheckerTest): expected:<...work_id    WHERE (  [network_cluster_view.network_name LIKE cluster1  AND  network_view.name LIKE network1]  ))  ORDER BY stora...> but was:<...work_id    WHERE (  [(network_cluster_view.network_name IS NULL OR network_cluster_view.network_name LIKE cluster1)  AND  (network_view.name IS NULL OR network_view.name LIKE network1)]  ))  ORDER BY stora...>
  testVolume(org.ovirt.engine.core.searchbackend.SyntaxCheckerTest): expected:<...lumes_view   WHERE  [gluster_volumes_view.vol_name LIKE volume1] )  ORDER BY vol_nam...> but was:<...lumes_view   WHERE  [(gluster_volumes_view.vol_name IS NULL OR gluster_volumes_view.vol_name LIKE volume1)] )  ORDER BY vol_nam...>
  testStorage(org.ovirt.engine.core.searchbackend.SyntaxCheckerTest): expected:<...torage_id    WHERE  [vds_with_tags.vds_name LIKE fake1] )  ORDER BY storage...> but was:<...torage_id    WHERE  [(vds_with_tags.vds_name IS NULL OR vds_with_tags.vds_name LIKE fake1)] )  ORDER BY storage...>

Tests run: 89, Failures: 16, Errors: 0, Skipped: 1

[INFO] ------------------------------------------------------------------------
[INFO] Reactor Summary:
[INFO] 
[INFO] oVirt Findbugs Filters ............................. SUCCESS [  1.129 s]
[INFO] ovirt-root ......................................... SUCCESS [  0.000 s]
[INFO] oVirt Build Tools root ............................. SUCCESS [  0.000 s]
[INFO] oVirt checkstyle ................................... SUCCESS [  0.551 s]
[INFO] oVirt Checkstyle Checks ............................ SUCCESS [  0.115 s]
[INFO] oVirt Modules - backend ............................ SUCCESS [  0.002 s]
[INFO] oVirt Manager ...................................... SUCCESS [  0.001 s]
[INFO] oVirt Engine dependencies .......................... SUCCESS [  0.002 s]
[INFO] oVirt Engine common dependencies ................... SUCCESS [  0.225 s]
[INFO] oVirt Engine tools dependencies .................... SUCCESS [  0.035 s]
[INFO] Utilities to extend java.logging framework ......... SUCCESS [  0.033 s]
[INFO] Extensions API root ................................ SUCCESS [  0.140 s]
[INFO] ovirt-engine-extensions-api ........................ SUCCESS [  1.151 s]
[INFO] oVirt Modules - manager ............................ SUCCESS [  0.518 s]
[INFO] Universal utilities ................................ SUCCESS [ 11.430 s]
[INFO] Extensions manager ................................. SUCCESS [  0.977 s]
[INFO] GWT UI Compatibility ............................... SUCCESS [  0.858 s]
[INFO] Common Code ........................................ SUCCESS [  6.164 s]
[INFO] Common utilities ................................... SUCCESS [ 15.326 s]
[INFO] Branding package ................................... SUCCESS [  4.053 s]
[INFO] ovirt-engine sso ................................... SUCCESS [  0.058 s]
[INFO] Data Access Layer .................................. SUCCESS [  6.072 s]
[INFO] engine scheduler bean .............................. SUCCESS [  0.962 s]
[INFO] Vds broker ......................................... SUCCESS [ 10.438 s]
[INFO] builtin-extensions ................................. SUCCESS [  0.080 s]
[INFO] Search Backend ..................................... FAILURE [  3.243 s]
[INFO] Backend Authentication, Authorization and Accounting SKIPPED
[INFO] Custom Application Server Authentication Plugin .... SKIPPED
[INFO] Backend Logic @Service bean ........................ SKIPPED
[INFO] oVirt RESTful API Backend Integration .............. SKIPPED
[INFO] oVirt RESTful API interface ........................ SKIPPED
[INFO] oVirt Engine API Definition ........................ SKIPPED
[INFO] oVirt Engine API Commom Parent POM ................. SKIPPED
[INFO] oVirt Engine API Common JAX-RS ..................... SKIPPED
[INFO] oVirt RESTful API Backend Integration Type Mappers . SKIPPED
[INFO] oVirt RESTful API Backend Integration JAX-RS Resources SKIPPED
[INFO] oVirt RESTful API Backend Integration Webapp ....... SKIPPED
[INFO] oVirt RESTful API Documentation .................... SKIPPED
[INFO] Custom Logger Using Extensions ..................... SKIPPED
[INFO] oVirt Engine Web Root .............................. SKIPPED
[INFO] ovirt-engine services .............................. SKIPPED
[INFO] oVirt Engine Web Docs .............................. SKIPPED
[INFO] ovirt-engine welcome ............................... SKIPPED
[INFO] oVirt Engine Microbenchmarks ....................... SKIPPED
[INFO] oVirt Engine Tools ................................. SKIPPED
[INFO] oVirt Engine extensions tool ....................... SKIPPED
[INFO] oVirt Engine sso client registration tool .......... SKIPPED
[INFO] oVirt Modules :: Frontend .......................... SKIPPED
[INFO] oVirt Modules :: Webadmin .......................... SKIPPED
[INFO] oVirt UI Modules ................................... SKIPPED
[INFO] AOP tweaks for GWT compiler ........................ SKIPPED
[INFO] Extensions for GWT ................................. SKIPPED
[INFO] UI Utils Compatibility (for UICommon) .............. SKIPPED
[INFO] Frontend for GWT UI Projects ....................... SKIPPED
[INFO] UICommonWeb ........................................ SKIPPED
[INFO] oVirt GWT UI common infrastructure ................. SKIPPED
[INFO] Frontend Assembly Descriptors ...................... SKIPPED
[INFO] WebAdmin ........................................... SKIPPED
[INFO] UserPortal ......................................... SKIPPED
[INFO] oVirt Server EAR ................................... SKIPPED
[INFO] ovirt-engine maven make ............................ SKIPPED
[INFO] ------------------------------------------------------------------------
[INFO] BUILD FAILURE
[INFO] ------------------------------------------------------------------------
[INFO] Total time: 01:05 min
[INFO] Finished at: 2018-12-15T22:22:29+01:00
[INFO] Final Memory: 51M/768M
[INFO] ------------------------------------------------------------------------
[ERROR] Failed to execute goal org.apache.maven.plugins:maven-surefire-plugin:2.12.3:test (default-test) on project searchbackend: There are test failures.
[ERROR] 
[ERROR] Please refer to /root/workspace/oVirt/ovirt-engine/247923342/backend/manager/modules/searchbackend/target/surefire-reports for the individual test results.
[ERROR] -> [Help 1]
[ERROR] 
[ERROR] To see the full stack trace of the errors, re-run Maven with the -e switch.
[ERROR] Re-run Maven using the -X switch to enable full debug logging.
[ERROR] 
[ERROR] For more information about the errors and possible solutions, please read the following articles:
[ERROR] [Help 1] http://cwiki.apache.org/confluence/display/MAVEN/MojoFailureException
[ERROR] 
[ERROR] After correcting the problems, you can resume the build with the command
[ERROR]   mvn <goals> -rf :searchbackend
